2017-12-10 20:46:17 INFO  GeneticAlgorithm:19 - Vertices: 5
2017-12-10 20:46:17 INFO  GeneticAlgorithm:43 - Generation: 0 Surviving Individuals: 5 Best Score: 0.1
2017-12-10 20:46:17 INFO  GeneticAlgorithm:43 - Generation: 1 Surviving Individuals: 6 Best Score: 0.1
2017-12-10 20:46:17 INFO  GeneticAlgorithm:43 - Generation: 2 Surviving Individuals: 12 Best Score: 0.11111111
2017-12-10 20:46:17 INFO  GeneticAlgorithm:43 - Generation: 3 Surviving Individuals: 13 Best Score: 0.125
2017-12-10 20:46:17 INFO  GeneticAlgorithm:43 - Generation: 4 Surviving Individuals: 14 Best Score: 0.125
2017-12-10 20:46:17 INFO  GeneticAlgorithm:43 - Generation: 5 Surviving Individuals: 15 Best Score: 0.125
2017-12-10 20:46:17 INFO  GeneticAlgorithm:43 - Generation: 6 Surviving Individuals: 16 Best Score: 0.125
2017-12-10 20:46:17 INFO  GeneticAlgorithm:43 - Generation: 7 Surviving Individuals: 17 Best Score: 0.125
2017-12-10 20:46:17 INFO  GeneticAlgorithm:43 - Generation: 8 Surviving Individuals: 18 Best Score: 0.16666667
2017-12-10 20:46:17 INFO  GeneticAlgorithm:43 - Generation: 9 Surviving Individuals: 19 Best Score: 0.16666667
2017-12-10 20:46:17 INFO  GeneticAlgorithm:43 - Generation: 10 Surviving Individuals: 20 Best Score: 0.16666667
2017-12-10 20:46:17 INFO  GeneticAlgorithm:43 - Generation: 11 Surviving Individuals: 21 Best Score: 0.16666667
2017-12-10 20:46:17 INFO  GeneticAlgorithm:43 - Generation: 12 Surviving Individuals: 22 Best Score: 0.16666667
2017-12-10 20:46:17 INFO  GeneticAlgorithm:43 - Generation: 13 Surviving Individuals: 23 Best Score: 0.16666667
2017-12-10 20:46:17 INFO  GeneticAlgorithm:43 - Generation: 14 Surviving Individuals: 24 Best Score: 0.16666667
2017-12-10 20:46:17 INFO  GeneticAlgorithm:43 - Generation: 15 Surviving Individuals: 25 Best Score: 0.16666667
2017-12-10 20:46:17 INFO  GeneticAlgorithm:43 - Generation: 16 Surviving Individuals: 26 Best Score: 0.16666667
2017-12-10 20:46:17 INFO  GeneticAlgorithm:43 - Generation: 17 Surviving Individuals: 27 Best Score: 0.16666667
2017-12-10 20:46:17 INFO  GeneticAlgorithm:43 - Generation: 18 Surviving Individuals: 28 Best Score: 0.16666667
2017-12-10 20:46:17 INFO  GeneticAlgorithm:49 - Shortest PathOrder of Cities: 3, 1, 2, 0, 4, Fitness: 0.16666667
2017-12-10 20:46:29 INFO  GeneticAlgorithm:19 - Vertices: 5
2017-12-10 20:46:29 INFO  GeneticAlgorithm:43 - Generation: 0 Surviving Individuals: 5 Best Score: 0.11111111
2017-12-10 20:46:29 INFO  GeneticAlgorithm:43 - Generation: 1 Surviving Individuals: 6 Best Score: 0.125
2017-12-10 20:46:29 INFO  GeneticAlgorithm:43 - Generation: 2 Surviving Individuals: 7 Best Score: 0.125
2017-12-10 20:46:29 INFO  GeneticAlgorithm:43 - Generation: 3 Surviving Individuals: 8 Best Score: 0.125
2017-12-10 20:46:29 INFO  GeneticAlgorithm:43 - Generation: 4 Surviving Individuals: 9 Best Score: 0.125
2017-12-10 20:46:29 INFO  GeneticAlgorithm:43 - Generation: 5 Surviving Individuals: 10 Best Score: 0.125
2017-12-10 20:46:29 INFO  GeneticAlgorithm:43 - Generation: 6 Surviving Individuals: 11 Best Score: 0.14285715
2017-12-10 20:46:29 INFO  GeneticAlgorithm:43 - Generation: 7 Surviving Individuals: 12 Best Score: 0.14285715
2017-12-10 20:46:29 INFO  GeneticAlgorithm:43 - Generation: 8 Surviving Individuals: 13 Best Score: 0.14285715
2017-12-10 20:46:29 INFO  GeneticAlgorithm:43 - Generation: 9 Surviving Individuals: 14 Best Score: 0.14285715
2017-12-10 20:46:29 INFO  GeneticAlgorithm:43 - Generation: 10 Surviving Individuals: 15 Best Score: 0.14285715
2017-12-10 20:46:29 INFO  GeneticAlgorithm:43 - Generation: 11 Surviving Individuals: 30 Best Score: 0.14285715
2017-12-10 20:46:29 INFO  GeneticAlgorithm:43 - Generation: 12 Surviving Individuals: 31 Best Score: 0.16666667
2017-12-10 20:46:29 INFO  GeneticAlgorithm:43 - Generation: 13 Surviving Individuals: 32 Best Score: 0.16666667
2017-12-10 20:46:29 INFO  GeneticAlgorithm:43 - Generation: 14 Surviving Individuals: 64 Best Score: 0.16666667
2017-12-10 20:46:29 INFO  GeneticAlgorithm:43 - Generation: 15 Surviving Individuals: 65 Best Score: 0.16666667
2017-12-10 20:46:29 INFO  GeneticAlgorithm:43 - Generation: 16 Surviving Individuals: 66 Best Score: 0.16666667
2017-12-10 20:46:29 INFO  GeneticAlgorithm:43 - Generation: 17 Surviving Individuals: 132 Best Score: 0.16666667
2017-12-10 20:46:29 INFO  GeneticAlgorithm:43 - Generation: 18 Surviving Individuals: 133 Best Score: 0.16666667
2017-12-10 20:46:29 INFO  GeneticAlgorithm:43 - Generation: 19 Surviving Individuals: 134 Best Score: 0.16666667
2017-12-10 20:46:29 INFO  GeneticAlgorithm:43 - Generation: 20 Surviving Individuals: 135 Best Score: 0.16666667
2017-12-10 20:46:29 INFO  GeneticAlgorithm:43 - Generation: 21 Surviving Individuals: 136 Best Score: 0.16666667
2017-12-10 20:46:29 INFO  GeneticAlgorithm:43 - Generation: 22 Surviving Individuals: 137 Best Score: 0.16666667
2017-12-10 20:46:29 INFO  GeneticAlgorithm:49 - Shortest PathOrder of Cities: 3, 1, 2, 0, 4, Fitness: 0.16666667
2017-12-10 20:46:31 INFO  GeneticAlgorithm:19 - Vertices: 5
2017-12-10 20:46:31 INFO  GeneticAlgorithm:43 - Generation: 0 Surviving Individuals: 8 Best Score: 0.11111111
2017-12-10 20:46:31 INFO  GeneticAlgorithm:43 - Generation: 1 Surviving Individuals: 9 Best Score: 0.11111111
2017-12-10 20:46:31 INFO  GeneticAlgorithm:43 - Generation: 2 Surviving Individuals: 10 Best Score: 0.14285715
2017-12-10 20:46:31 INFO  GeneticAlgorithm:43 - Generation: 3 Surviving Individuals: 11 Best Score: 0.14285715
2017-12-10 20:46:31 INFO  GeneticAlgorithm:43 - Generation: 4 Surviving Individuals: 12 Best Score: 0.14285715
2017-12-10 20:46:31 INFO  GeneticAlgorithm:43 - Generation: 5 Surviving Individuals: 13 Best Score: 0.14285715
2017-12-10 20:46:31 INFO  GeneticAlgorithm:43 - Generation: 6 Surviving Individuals: 26 Best Score: 0.14285715
2017-12-10 20:46:31 INFO  GeneticAlgorithm:43 - Generation: 7 Surviving Individuals: 27 Best Score: 0.14285715
2017-12-10 20:46:31 INFO  GeneticAlgorithm:43 - Generation: 8 Surviving Individuals: 28 Best Score: 0.14285715
2017-12-10 20:46:31 INFO  GeneticAlgorithm:43 - Generation: 9 Surviving Individuals: 29 Best Score: 0.14285715
2017-12-10 20:46:31 INFO  GeneticAlgorithm:43 - Generation: 10 Surviving Individuals: 30 Best Score: 0.16666667
2017-12-10 20:46:31 INFO  GeneticAlgorithm:43 - Generation: 11 Surviving Individuals: 31 Best Score: 0.16666667
2017-12-10 20:46:31 INFO  GeneticAlgorithm:43 - Generation: 12 Surviving Individuals: 32 Best Score: 0.16666667
2017-12-10 20:46:31 INFO  GeneticAlgorithm:43 - Generation: 13 Surviving Individuals: 33 Best Score: 0.16666667
2017-12-10 20:46:31 INFO  GeneticAlgorithm:43 - Generation: 14 Surviving Individuals: 34 Best Score: 0.16666667
2017-12-10 20:46:31 INFO  GeneticAlgorithm:43 - Generation: 15 Surviving Individuals: 35 Best Score: 0.16666667
2017-12-10 20:46:31 INFO  GeneticAlgorithm:43 - Generation: 16 Surviving Individuals: 70 Best Score: 0.16666667
2017-12-10 20:46:31 INFO  GeneticAlgorithm:43 - Generation: 17 Surviving Individuals: 71 Best Score: 0.16666667
2017-12-10 20:46:31 INFO  GeneticAlgorithm:43 - Generation: 18 Surviving Individuals: 72 Best Score: 0.16666667
2017-12-10 20:46:31 INFO  GeneticAlgorithm:43 - Generation: 19 Surviving Individuals: 73 Best Score: 0.16666667
2017-12-10 20:46:31 INFO  GeneticAlgorithm:43 - Generation: 20 Surviving Individuals: 146 Best Score: 0.16666667
2017-12-10 20:46:31 INFO  GeneticAlgorithm:49 - Shortest PathOrder of Cities: 3, 1, 2, 0, 4, Fitness: 0.16666667
2017-12-10 20:46:35 INFO  GeneticAlgorithm:19 - Vertices: 50
2017-12-10 20:46:36 INFO  GeneticAlgorithm:43 - Generation: 0 Surviving Individuals: 5 Best Score: 0.008196721
2017-12-10 20:46:36 INFO  GeneticAlgorithm:43 - Generation: 1 Surviving Individuals: 6 Best Score: 0.008264462
2017-12-10 20:46:36 INFO  GeneticAlgorithm:43 - Generation: 2 Surviving Individuals: 7 Best Score: 0.008474576
2017-12-10 20:46:36 INFO  GeneticAlgorithm:43 - Generation: 3 Surviving Individuals: 8 Best Score: 0.008474576
2017-12-10 20:46:36 INFO  GeneticAlgorithm:43 - Generation: 4 Surviving Individuals: 9 Best Score: 0.008547009
2017-12-10 20:46:36 INFO  GeneticAlgorithm:43 - Generation: 5 Surviving Individuals: 10 Best Score: 0.008547009
2017-12-10 20:46:36 INFO  GeneticAlgorithm:43 - Generation: 6 Surviving Individuals: 11 Best Score: 0.008547009
2017-12-10 20:46:36 INFO  GeneticAlgorithm:43 - Generation: 7 Surviving Individuals: 22 Best Score: 0.008928572
2017-12-10 20:46:36 INFO  GeneticAlgorithm:43 - Generation: 8 Surviving Individuals: 23 Best Score: 0.008928572
2017-12-10 20:46:36 INFO  GeneticAlgorithm:43 - Generation: 9 Surviving Individuals: 24 Best Score: 0.0091743115
2017-12-10 20:46:36 INFO  GeneticAlgorithm:43 - Generation: 10 Surviving Individuals: 25 Best Score: 0.009345794
2017-12-10 20:46:36 INFO  GeneticAlgorithm:43 - Generation: 11 Surviving Individuals: 50 Best Score: 0.009345794
2017-12-10 20:46:36 INFO  GeneticAlgorithm:43 - Generation: 12 Surviving Individuals: 51 Best Score: 0.009345794
2017-12-10 20:46:36 INFO  GeneticAlgorithm:43 - Generation: 13 Surviving Individuals: 52 Best Score: 0.009345794
2017-12-10 20:46:36 INFO  GeneticAlgorithm:43 - Generation: 14 Surviving Individuals: 53 Best Score: 0.009345794
2017-12-10 20:46:36 INFO  GeneticAlgorithm:43 - Generation: 15 Surviving Individuals: 106 Best Score: 0.009433962
2017-12-10 20:46:36 INFO  GeneticAlgorithm:43 - Generation: 16 Surviving Individuals: 212 Best Score: 0.009433962
2017-12-10 20:46:36 INFO  GeneticAlgorithm:43 - Generation: 17 Surviving Individuals: 213 Best Score: 0.009708738
2017-12-10 20:46:36 INFO  GeneticAlgorithm:43 - Generation: 18 Surviving Individuals: 214 Best Score: 0.009708738
2017-12-10 20:46:36 INFO  GeneticAlgorithm:43 - Generation: 19 Surviving Individuals: 215 Best Score: 0.00990099
2017-12-10 20:46:36 INFO  GeneticAlgorithm:43 - Generation: 20 Surviving Individuals: 216 Best Score: 0.01
2017-12-10 20:46:36 INFO  GeneticAlgorithm:43 - Generation: 21 Surviving Individuals: 217 Best Score: 0.010204081
2017-12-10 20:46:36 INFO  GeneticAlgorithm:43 - Generation: 22 Surviving Individuals: 218 Best Score: 0.010204081
2017-12-10 20:46:36 INFO  GeneticAlgorithm:43 - Generation: 23 Surviving Individuals: 219 Best Score: 0.010204081
2017-12-10 20:46:36 INFO  GeneticAlgorithm:43 - Generation: 24 Surviving Individuals: 220 Best Score: 0.010309278
2017-12-10 20:46:36 INFO  GeneticAlgorithm:43 - Generation: 25 Surviving Individuals: 221 Best Score: 0.010526316
2017-12-10 20:46:36 INFO  GeneticAlgorithm:43 - Generation: 26 Surviving Individuals: 222 Best Score: 0.010526316
2017-12-10 20:46:36 INFO  GeneticAlgorithm:43 - Generation: 27 Surviving Individuals: 444 Best Score: 0.010638298
2017-12-10 20:46:36 INFO  GeneticAlgorithm:43 - Generation: 28 Surviving Individuals: 888 Best Score: 0.010752688
2017-12-10 20:46:37 INFO  GeneticAlgorithm:43 - Generation: 29 Surviving Individuals: 889 Best Score: 0.010752688
2017-12-10 20:46:37 INFO  GeneticAlgorithm:43 - Generation: 30 Surviving Individuals: 1778 Best Score: 0.010869565
2017-12-10 20:46:37 INFO  GeneticAlgorithm:43 - Generation: 31 Surviving Individuals: 1779 Best Score: 0.010989011
2017-12-10 20:46:38 INFO  GeneticAlgorithm:43 - Generation: 32 Surviving Individuals: 1780 Best Score: 0.011235955
2017-12-10 20:46:38 INFO  GeneticAlgorithm:43 - Generation: 33 Surviving Individuals: 3560 Best Score: 0.011235955
2017-12-10 20:46:39 INFO  GeneticAlgorithm:43 - Generation: 34 Surviving Individuals: 3561 Best Score: 0.011235955
2017-12-10 20:46:40 INFO  GeneticAlgorithm:43 - Generation: 35 Surviving Individuals: 3562 Best Score: 0.011363637
2017-12-10 20:46:41 INFO  GeneticAlgorithm:43 - Generation: 36 Surviving Individuals: 3563 Best Score: 0.011363637
2017-12-10 20:46:41 INFO  GeneticAlgorithm:43 - Generation: 37 Surviving Individuals: 3564 Best Score: 0.011363637
2017-12-10 20:46:42 INFO  GeneticAlgorithm:43 - Generation: 38 Surviving Individuals: 3565 Best Score: 0.011494253
2017-12-10 20:46:43 INFO  GeneticAlgorithm:43 - Generation: 39 Surviving Individuals: 3566 Best Score: 0.011494253
2017-12-10 20:46:44 INFO  GeneticAlgorithm:43 - Generation: 40 Surviving Individuals: 3567 Best Score: 0.011904762
2017-12-10 20:46:45 INFO  GeneticAlgorithm:43 - Generation: 41 Surviving Individuals: 3568 Best Score: 0.011904762
2017-12-10 20:46:46 INFO  GeneticAlgorithm:43 - Generation: 42 Surviving Individuals: 3569 Best Score: 0.011904762
2017-12-10 20:46:46 INFO  GeneticAlgorithm:43 - Generation: 43 Surviving Individuals: 3570 Best Score: 0.011904762
2017-12-10 20:46:47 INFO  GeneticAlgorithm:43 - Generation: 44 Surviving Individuals: 3571 Best Score: 0.0125
2017-12-10 20:46:48 INFO  GeneticAlgorithm:43 - Generation: 45 Surviving Individuals: 3572 Best Score: 0.0125
2017-12-10 20:46:49 INFO  GeneticAlgorithm:43 - Generation: 46 Surviving Individuals: 3573 Best Score: 0.0125
2017-12-10 20:46:50 INFO  GeneticAlgorithm:43 - Generation: 47 Surviving Individuals: 3574 Best Score: 0.0125
2017-12-10 20:46:51 INFO  GeneticAlgorithm:43 - Generation: 48 Surviving Individuals: 3575 Best Score: 0.0125
2017-12-10 20:46:52 INFO  GeneticAlgorithm:43 - Generation: 49 Surviving Individuals: 3576 Best Score: 0.0125
2017-12-10 20:46:52 INFO  GeneticAlgorithm:43 - Generation: 50 Surviving Individuals: 7152 Best Score: 0.0125
2017-12-10 20:46:54 INFO  GeneticAlgorithm:43 - Generation: 51 Surviving Individuals: 7153 Best Score: 0.0125
2017-12-10 20:46:56 INFO  GeneticAlgorithm:43 - Generation: 52 Surviving Individuals: 7154 Best Score: 0.0125
2017-12-10 20:46:58 INFO  GeneticAlgorithm:43 - Generation: 53 Surviving Individuals: 7155 Best Score: 0.0125
2017-12-10 20:47:00 INFO  GeneticAlgorithm:43 - Generation: 54 Surviving Individuals: 7156 Best Score: 0.0125
2017-12-10 20:47:00 INFO  GeneticAlgorithm:49 - Shortest PathOrder of Cities: 0, 4, 37, 38, 5, 21, 12, 20, 36, 18, 13, 1, 19, 49, 42, 29, 29, 49, 9, 10, 27, 24, 6, 28, 16, 25, 47, 14, 17, 46, 2, 11, 44, 44, 22, 7, 45, 30, 15, 3, 46, 35, 26, 48, 7, 23, 31, 13, 33, 41, Fitness: 0.0125
2017-12-10 20:47:06 INFO  GeneticAlgorithm:19 - Vertices: 50
2017-12-10 20:47:06 INFO  GeneticAlgorithm:43 - Generation: 0 Surviving Individuals: 5 Best Score: 0.0076923077
2017-12-10 20:47:06 INFO  GeneticAlgorithm:43 - Generation: 1 Surviving Individuals: 6 Best Score: 0.007874016
2017-12-10 20:47:06 INFO  GeneticAlgorithm:43 - Generation: 2 Surviving Individuals: 12 Best Score: 0.008
2017-12-10 20:47:06 INFO  GeneticAlgorithm:43 - Generation: 3 Surviving Individuals: 13 Best Score: 0.008
2017-12-10 20:47:06 INFO  GeneticAlgorithm:43 - Generation: 4 Surviving Individuals: 14 Best Score: 0.008264462
2017-12-10 20:47:06 INFO  GeneticAlgorithm:43 - Generation: 5 Surviving Individuals: 15 Best Score: 0.008264462
2017-12-10 20:47:06 INFO  GeneticAlgorithm:43 - Generation: 6 Surviving Individuals: 16 Best Score: 0.008264462
2017-12-10 20:47:06 INFO  GeneticAlgorithm:43 - Generation: 7 Surviving Individuals: 17 Best Score: 0.00862069
2017-12-10 20:47:06 INFO  GeneticAlgorithm:43 - Generation: 8 Surviving Individuals: 18 Best Score: 0.00862069
2017-12-10 20:47:06 INFO  GeneticAlgorithm:43 - Generation: 9 Surviving Individuals: 19 Best Score: 0.0088495575
2017-12-10 20:47:06 INFO  GeneticAlgorithm:43 - Generation: 10 Surviving Individuals: 20 Best Score: 0.0088495575
2017-12-10 20:47:06 INFO  GeneticAlgorithm:43 - Generation: 11 Surviving Individuals: 40 Best Score: 0.0088495575
2017-12-10 20:47:06 INFO  GeneticAlgorithm:43 - Generation: 12 Surviving Individuals: 41 Best Score: 0.009009009
2017-12-10 20:47:06 INFO  GeneticAlgorithm:43 - Generation: 13 Surviving Individuals: 42 Best Score: 0.009009009
2017-12-10 20:47:06 INFO  GeneticAlgorithm:43 - Generation: 14 Surviving Individuals: 43 Best Score: 0.009009009
2017-12-10 20:47:06 INFO  GeneticAlgorithm:43 - Generation: 15 Surviving Individuals: 44 Best Score: 0.009345794
2017-12-10 20:47:06 INFO  GeneticAlgorithm:43 - Generation: 16 Surviving Individuals: 45 Best Score: 0.009345794
2017-12-10 20:47:06 INFO  GeneticAlgorithm:43 - Generation: 17 Surviving Individuals: 46 Best Score: 0.009708738
2017-12-10 20:47:06 INFO  GeneticAlgorithm:43 - Generation: 18 Surviving Individuals: 47 Best Score: 0.009708738
2017-12-10 20:47:06 INFO  GeneticAlgorithm:43 - Generation: 19 Surviving Individuals: 48 Best Score: 0.009708738
2017-12-10 20:47:06 INFO  GeneticAlgorithm:43 - Generation: 20 Surviving Individuals: 49 Best Score: 0.009708738
2017-12-10 20:47:06 INFO  GeneticAlgorithm:43 - Generation: 21 Surviving Individuals: 50 Best Score: 0.009708738
2017-12-10 20:47:06 INFO  GeneticAlgorithm:43 - Generation: 22 Surviving Individuals: 51 Best Score: 0.009708738
2017-12-10 20:47:06 INFO  GeneticAlgorithm:43 - Generation: 23 Surviving Individuals: 52 Best Score: 0.009708738
2017-12-10 20:47:06 INFO  GeneticAlgorithm:43 - Generation: 24 Surviving Individuals: 53 Best Score: 0.009803922
2017-12-10 20:47:06 INFO  GeneticAlgorithm:43 - Generation: 25 Surviving Individuals: 54 Best Score: 0.009803922
2017-12-10 20:47:06 INFO  GeneticAlgorithm:43 - Generation: 26 Surviving Individuals: 108 Best Score: 0.00990099
2017-12-10 20:47:06 INFO  GeneticAlgorithm:43 - Generation: 27 Surviving Individuals: 216 Best Score: 0.01
2017-12-10 20:47:06 INFO  GeneticAlgorithm:43 - Generation: 28 Surviving Individuals: 217 Best Score: 0.01010101
2017-12-10 20:47:06 INFO  GeneticAlgorithm:43 - Generation: 29 Surviving Individuals: 218 Best Score: 0.01010101
2017-12-10 20:47:06 INFO  GeneticAlgorithm:43 - Generation: 30 Surviving Individuals: 219 Best Score: 0.01010101
2017-12-10 20:47:06 INFO  GeneticAlgorithm:43 - Generation: 31 Surviving Individuals: 220 Best Score: 0.01010101
2017-12-10 20:47:06 INFO  GeneticAlgorithm:43 - Generation: 32 Surviving Individuals: 221 Best Score: 0.010309278
2017-12-10 20:47:06 INFO  GeneticAlgorithm:43 - Generation: 33 Surviving Individuals: 222 Best Score: 0.010638298
2017-12-10 20:47:07 INFO  GeneticAlgorithm:43 - Generation: 34 Surviving Individuals: 223 Best Score: 0.010638298
2017-12-10 20:47:07 INFO  GeneticAlgorithm:43 - Generation: 35 Surviving Individuals: 224 Best Score: 0.010638298
2017-12-10 20:47:07 INFO  GeneticAlgorithm:43 - Generation: 36 Surviving Individuals: 225 Best Score: 0.010638298
2017-12-10 20:47:07 INFO  GeneticAlgorithm:43 - Generation: 37 Surviving Individuals: 226 Best Score: 0.010638298
2017-12-10 20:47:07 INFO  GeneticAlgorithm:43 - Generation: 38 Surviving Individuals: 227 Best Score: 0.010638298
2017-12-10 20:47:07 INFO  GeneticAlgorithm:43 - Generation: 39 Surviving Individuals: 228 Best Score: 0.010638298
2017-12-10 20:47:07 INFO  GeneticAlgorithm:43 - Generation: 40 Surviving Individuals: 229 Best Score: 0.010752688
2017-12-10 20:47:07 INFO  GeneticAlgorithm:43 - Generation: 41 Surviving Individuals: 230 Best Score: 0.010752688
2017-12-10 20:47:07 INFO  GeneticAlgorithm:43 - Generation: 42 Surviving Individuals: 231 Best Score: 0.010869565
2017-12-10 20:47:07 INFO  GeneticAlgorithm:43 - Generation: 43 Surviving Individuals: 232 Best Score: 0.010869565
2017-12-10 20:47:07 INFO  GeneticAlgorithm:43 - Generation: 44 Surviving Individuals: 233 Best Score: 0.010989011
2017-12-10 20:47:07 INFO  GeneticAlgorithm:43 - Generation: 45 Surviving Individuals: 234 Best Score: 0.010989011
2017-12-10 20:47:07 INFO  GeneticAlgorithm:43 - Generation: 46 Surviving Individuals: 235 Best Score: 0.011494253
2017-12-10 20:47:07 INFO  GeneticAlgorithm:43 - Generation: 47 Surviving Individuals: 236 Best Score: 0.011494253
2017-12-10 20:47:07 INFO  GeneticAlgorithm:43 - Generation: 48 Surviving Individuals: 237 Best Score: 0.011904762
2017-12-10 20:47:07 INFO  GeneticAlgorithm:43 - Generation: 49 Surviving Individuals: 238 Best Score: 0.011904762
2017-12-10 20:47:07 INFO  GeneticAlgorithm:43 - Generation: 50 Surviving Individuals: 476 Best Score: 0.011904762
2017-12-10 20:47:07 INFO  GeneticAlgorithm:43 - Generation: 51 Surviving Individuals: 477 Best Score: 0.011904762
2017-12-10 20:47:08 INFO  GeneticAlgorithm:43 - Generation: 52 Surviving Individuals: 478 Best Score: 0.011904762
2017-12-10 20:47:08 INFO  GeneticAlgorithm:43 - Generation: 53 Surviving Individuals: 479 Best Score: 0.011904762
2017-12-10 20:47:08 INFO  GeneticAlgorithm:43 - Generation: 54 Surviving Individuals: 480 Best Score: 0.011904762
2017-12-10 20:47:08 INFO  GeneticAlgorithm:43 - Generation: 55 Surviving Individuals: 481 Best Score: 0.012048192
2017-12-10 20:47:08 INFO  GeneticAlgorithm:43 - Generation: 56 Surviving Individuals: 482 Best Score: 0.012048192
2017-12-10 20:47:08 INFO  GeneticAlgorithm:43 - Generation: 57 Surviving Individuals: 483 Best Score: 0.012048192
2017-12-10 20:47:08 INFO  GeneticAlgorithm:43 - Generation: 58 Surviving Individuals: 484 Best Score: 0.012048192
2017-12-10 20:47:08 INFO  GeneticAlgorithm:43 - Generation: 59 Surviving Individuals: 485 Best Score: 0.012048192
2017-12-10 20:47:09 INFO  GeneticAlgorithm:43 - Generation: 60 Surviving Individuals: 486 Best Score: 0.012048192
2017-12-10 20:47:09 INFO  GeneticAlgorithm:43 - Generation: 61 Surviving Individuals: 487 Best Score: 0.0121951215
2017-12-10 20:47:09 INFO  GeneticAlgorithm:43 - Generation: 62 Surviving Individuals: 488 Best Score: 0.012345679
2017-12-10 20:47:09 INFO  GeneticAlgorithm:43 - Generation: 63 Surviving Individuals: 489 Best Score: 0.012345679
2017-12-10 20:47:09 INFO  GeneticAlgorithm:43 - Generation: 64 Surviving Individuals: 490 Best Score: 0.012987013
2017-12-10 20:47:09 INFO  GeneticAlgorithm:43 - Generation: 65 Surviving Individuals: 491 Best Score: 0.012987013
2017-12-10 20:47:09 INFO  GeneticAlgorithm:43 - Generation: 66 Surviving Individuals: 492 Best Score: 0.012987013
2017-12-10 20:47:09 INFO  GeneticAlgorithm:43 - Generation: 67 Surviving Individuals: 493 Best Score: 0.012987013
2017-12-10 20:47:10 INFO  GeneticAlgorithm:43 - Generation: 68 Surviving Individuals: 494 Best Score: 0.012987013
2017-12-10 20:47:10 INFO  GeneticAlgorithm:43 - Generation: 69 Surviving Individuals: 495 Best Score: 0.012987013
2017-12-10 20:47:10 INFO  GeneticAlgorithm:43 - Generation: 70 Surviving Individuals: 496 Best Score: 0.012987013
2017-12-10 20:47:10 INFO  GeneticAlgorithm:43 - Generation: 71 Surviving Individuals: 992 Best Score: 0.012987013
2017-12-10 20:47:10 INFO  GeneticAlgorithm:43 - Generation: 72 Surviving Individuals: 993 Best Score: 0.012987013
2017-12-10 20:47:10 INFO  GeneticAlgorithm:43 - Generation: 73 Surviving Individuals: 994 Best Score: 0.012987013
2017-12-10 20:47:11 INFO  GeneticAlgorithm:43 - Generation: 74 Surviving Individuals: 1988 Best Score: 0.012987013
2017-12-10 20:47:11 INFO  GeneticAlgorithm:49 - Shortest PathOrder of Cities: 26, 41, 11, 41, 16, 6, 28, 44, 36, 18, 3, 13, 25, 6, 1, 22, 17, 2, 12, 8, 10, 19, 42, 27, 7, 33, 32, 36, 38, 20, 49, 24, 24, 43, 29, 8, 34, 15, 22, 40, 33, 0, 4, 45, 30, 12, 41, 39, 23, 28, Fitness: 0.012987013
2017-12-10 20:47:17 INFO  GeneticAlgorithm:19 - Vertices: 50
2017-12-10 20:47:17 INFO  GeneticAlgorithm:43 - Generation: 0 Surviving Individuals: 5 Best Score: 0.0070422534
2017-12-10 20:47:17 INFO  GeneticAlgorithm:43 - Generation: 1 Surviving Individuals: 6 Best Score: 0.007142857
2017-12-10 20:47:17 INFO  GeneticAlgorithm:43 - Generation: 2 Surviving Individuals: 7 Best Score: 0.007518797
2017-12-10 20:47:17 INFO  GeneticAlgorithm:43 - Generation: 3 Surviving Individuals: 8 Best Score: 0.007518797
2017-12-10 20:47:17 INFO  GeneticAlgorithm:43 - Generation: 4 Surviving Individuals: 16 Best Score: 0.0076923077
2017-12-10 20:47:17 INFO  GeneticAlgorithm:43 - Generation: 5 Surviving Individuals: 17 Best Score: 0.0076923077
2017-12-10 20:47:17 INFO  GeneticAlgorithm:43 - Generation: 6 Surviving Individuals: 18 Best Score: 0.007936508
2017-12-10 20:47:17 INFO  GeneticAlgorithm:43 - Generation: 7 Surviving Individuals: 19 Best Score: 0.007936508
2017-12-10 20:47:17 INFO  GeneticAlgorithm:43 - Generation: 8 Surviving Individuals: 20 Best Score: 0.008130081
2017-12-10 20:47:17 INFO  GeneticAlgorithm:43 - Generation: 9 Surviving Individuals: 21 Best Score: 0.008333334
2017-12-10 20:47:17 INFO  GeneticAlgorithm:43 - Generation: 10 Surviving Individuals: 22 Best Score: 0.008474576
2017-12-10 20:47:17 INFO  GeneticAlgorithm:43 - Generation: 11 Surviving Individuals: 23 Best Score: 0.008474576
2017-12-10 20:47:17 INFO  GeneticAlgorithm:43 - Generation: 12 Surviving Individuals: 24 Best Score: 0.008474576
2017-12-10 20:47:17 INFO  GeneticAlgorithm:43 - Generation: 13 Surviving Individuals: 25 Best Score: 0.008474576
2017-12-10 20:47:17 INFO  GeneticAlgorithm:43 - Generation: 14 Surviving Individuals: 26 Best Score: 0.00862069
2017-12-10 20:47:17 INFO  GeneticAlgorithm:43 - Generation: 15 Surviving Individuals: 27 Best Score: 0.00862069
2017-12-10 20:47:17 INFO  GeneticAlgorithm:43 - Generation: 16 Surviving Individuals: 54 Best Score: 0.009009009
2017-12-10 20:47:17 INFO  GeneticAlgorithm:43 - Generation: 17 Surviving Individuals: 55 Best Score: 0.009009009
2017-12-10 20:47:17 INFO  GeneticAlgorithm:43 - Generation: 18 Surviving Individuals: 56 Best Score: 0.009009009
2017-12-10 20:47:18 INFO  GeneticAlgorithm:43 - Generation: 19 Surviving Individuals: 57 Best Score: 0.009009009
2017-12-10 20:47:18 INFO  GeneticAlgorithm:43 - Generation: 20 Surviving Individuals: 58 Best Score: 0.009433962
2017-12-10 20:47:18 INFO  GeneticAlgorithm:43 - Generation: 21 Surviving Individuals: 59 Best Score: 0.009433962
2017-12-10 20:47:18 INFO  GeneticAlgorithm:43 - Generation: 22 Surviving Individuals: 60 Best Score: 0.009433962
2017-12-10 20:47:18 INFO  GeneticAlgorithm:43 - Generation: 23 Surviving Individuals: 61 Best Score: 0.009615385
2017-12-10 20:47:18 INFO  GeneticAlgorithm:43 - Generation: 24 Surviving Individuals: 122 Best Score: 0.009708738
2017-12-10 20:47:18 INFO  GeneticAlgorithm:43 - Generation: 25 Surviving Individuals: 123 Best Score: 0.009708738
2017-12-10 20:47:18 INFO  GeneticAlgorithm:43 - Generation: 26 Surviving Individuals: 246 Best Score: 0.009803922
2017-12-10 20:47:18 INFO  GeneticAlgorithm:43 - Generation: 27 Surviving Individuals: 247 Best Score: 0.009803922
2017-12-10 20:47:18 INFO  GeneticAlgorithm:43 - Generation: 28 Surviving Individuals: 248 Best Score: 0.00990099
2017-12-10 20:47:18 INFO  GeneticAlgorithm:43 - Generation: 29 Surviving Individuals: 249 Best Score: 0.00990099
2017-12-10 20:47:18 INFO  GeneticAlgorithm:43 - Generation: 30 Surviving Individuals: 250 Best Score: 0.01
2017-12-10 20:47:18 INFO  GeneticAlgorithm:43 - Generation: 31 Surviving Individuals: 251 Best Score: 0.01
2017-12-10 20:47:18 INFO  GeneticAlgorithm:43 - Generation: 32 Surviving Individuals: 252 Best Score: 0.010309278
2017-12-10 20:47:18 INFO  GeneticAlgorithm:43 - Generation: 33 Surviving Individuals: 253 Best Score: 0.010752688
2017-12-10 20:47:18 INFO  GeneticAlgorithm:43 - Generation: 34 Surviving Individuals: 254 Best Score: 0.010752688
2017-12-10 20:47:18 INFO  GeneticAlgorithm:43 - Generation: 35 Surviving Individuals: 255 Best Score: 0.010752688
2017-12-10 20:47:18 INFO  GeneticAlgorithm:43 - Generation: 36 Surviving Individuals: 256 Best Score: 0.010752688
2017-12-10 20:47:18 INFO  GeneticAlgorithm:43 - Generation: 37 Surviving Individuals: 257 Best Score: 0.010752688
2017-12-10 20:47:18 INFO  GeneticAlgorithm:43 - Generation: 38 Surviving Individuals: 258 Best Score: 0.010752688
2017-12-10 20:47:19 INFO  GeneticAlgorithm:43 - Generation: 39 Surviving Individuals: 259 Best Score: 0.010869565
2017-12-10 20:47:19 INFO  GeneticAlgorithm:43 - Generation: 40 Surviving Individuals: 260 Best Score: 0.010869565
2017-12-10 20:47:19 INFO  GeneticAlgorithm:43 - Generation: 41 Surviving Individuals: 261 Best Score: 0.010869565
2017-12-10 20:47:19 INFO  GeneticAlgorithm:43 - Generation: 42 Surviving Individuals: 262 Best Score: 0.010989011
2017-12-10 20:47:19 INFO  GeneticAlgorithm:43 - Generation: 43 Surviving Individuals: 263 Best Score: 0.010989011
2017-12-10 20:47:19 INFO  GeneticAlgorithm:43 - Generation: 44 Surviving Individuals: 264 Best Score: 0.010989011
2017-12-10 20:47:19 INFO  GeneticAlgorithm:43 - Generation: 45 Surviving Individuals: 265 Best Score: 0.011235955
2017-12-10 20:47:19 INFO  GeneticAlgorithm:43 - Generation: 46 Surviving Individuals: 266 Best Score: 0.011235955
2017-12-10 20:47:19 INFO  GeneticAlgorithm:43 - Generation: 47 Surviving Individuals: 267 Best Score: 0.011235955
2017-12-10 20:47:19 INFO  GeneticAlgorithm:43 - Generation: 48 Surviving Individuals: 268 Best Score: 0.011235955
2017-12-10 20:47:19 INFO  GeneticAlgorithm:43 - Generation: 49 Surviving Individuals: 269 Best Score: 0.011235955
2017-12-10 20:47:19 INFO  GeneticAlgorithm:43 - Generation: 50 Surviving Individuals: 538 Best Score: 0.011494253
2017-12-10 20:47:20 INFO  GeneticAlgorithm:43 - Generation: 51 Surviving Individuals: 539 Best Score: 0.011494253
2017-12-10 20:47:20 INFO  GeneticAlgorithm:43 - Generation: 52 Surviving Individuals: 540 Best Score: 0.011627907
2017-12-10 20:47:20 INFO  GeneticAlgorithm:43 - Generation: 53 Surviving Individuals: 541 Best Score: 0.011627907
2017-12-10 20:47:20 INFO  GeneticAlgorithm:43 - Generation: 54 Surviving Individuals: 542 Best Score: 0.011627907
2017-12-10 20:47:20 INFO  GeneticAlgorithm:43 - Generation: 55 Surviving Individuals: 543 Best Score: 0.011627907
2017-12-10 20:47:20 INFO  GeneticAlgorithm:43 - Generation: 56 Surviving Individuals: 544 Best Score: 0.012048192
2017-12-10 20:47:20 INFO  GeneticAlgorithm:43 - Generation: 57 Surviving Individuals: 545 Best Score: 0.012048192
2017-12-10 20:47:21 INFO  GeneticAlgorithm:43 - Generation: 58 Surviving Individuals: 546 Best Score: 0.012048192
2017-12-10 20:47:21 INFO  GeneticAlgorithm:43 - Generation: 59 Surviving Individuals: 547 Best Score: 0.012048192
2017-12-10 20:47:21 INFO  GeneticAlgorithm:43 - Generation: 60 Surviving Individuals: 548 Best Score: 0.012048192
2017-12-10 20:47:21 INFO  GeneticAlgorithm:43 - Generation: 61 Surviving Individuals: 1096 Best Score: 0.012048192
2017-12-10 20:47:21 INFO  GeneticAlgorithm:43 - Generation: 62 Surviving Individuals: 1097 Best Score: 0.012048192
2017-12-10 20:47:21 INFO  GeneticAlgorithm:43 - Generation: 63 Surviving Individuals: 2194 Best Score: 0.012048192
2017-12-10 20:47:22 INFO  GeneticAlgorithm:43 - Generation: 64 Surviving Individuals: 2195 Best Score: 0.012345679
2017-12-10 20:47:23 INFO  GeneticAlgorithm:43 - Generation: 65 Surviving Individuals: 2196 Best Score: 0.012658228
2017-12-10 20:47:23 INFO  GeneticAlgorithm:43 - Generation: 66 Surviving Individuals: 2197 Best Score: 0.012658228
2017-12-10 20:47:24 INFO  GeneticAlgorithm:43 - Generation: 67 Surviving Individuals: 2198 Best Score: 0.012658228
2017-12-10 20:47:24 INFO  GeneticAlgorithm:43 - Generation: 68 Surviving Individuals: 4396 Best Score: 0.012820513
2017-12-10 20:47:26 INFO  GeneticAlgorithm:43 - Generation: 69 Surviving Individuals: 4397 Best Score: 0.012820513
2017-12-10 20:47:27 INFO  GeneticAlgorithm:43 - Generation: 70 Surviving Individuals: 4398 Best Score: 0.012987013
2017-12-10 20:47:28 INFO  GeneticAlgorithm:43 - Generation: 71 Surviving Individuals: 4399 Best Score: 0.012987013
2017-12-10 20:47:29 INFO  GeneticAlgorithm:43 - Generation: 72 Surviving Individuals: 4400 Best Score: 0.012987013
2017-12-10 20:47:30 INFO  GeneticAlgorithm:43 - Generation: 73 Surviving Individuals: 4401 Best Score: 0.012987013
2017-12-10 20:47:31 INFO  GeneticAlgorithm:43 - Generation: 74 Surviving Individuals: 4402 Best Score: 0.012987013
2017-12-10 20:47:33 INFO  GeneticAlgorithm:43 - Generation: 75 Surviving Individuals: 8804 Best Score: 0.012987013
2017-12-10 20:47:35 INFO  GeneticAlgorithm:43 - Generation: 76 Surviving Individuals: 8805 Best Score: 0.012987013
2017-12-10 20:47:37 INFO  GeneticAlgorithm:43 - Generation: 77 Surviving Individuals: 8806 Best Score: 0.013157895
2017-12-10 20:47:39 INFO  GeneticAlgorithm:43 - Generation: 78 Surviving Individuals: 8807 Best Score: 0.013157895
2017-12-10 20:47:42 INFO  GeneticAlgorithm:43 - Generation: 79 Surviving Individuals: 8808 Best Score: 0.013157895
2017-12-10 20:47:44 INFO  GeneticAlgorithm:43 - Generation: 80 Surviving Individuals: 8809 Best Score: 0.01369863
2017-12-10 20:47:46 INFO  GeneticAlgorithm:43 - Generation: 81 Surviving Individuals: 8810 Best Score: 0.01369863
2017-12-10 20:47:48 INFO  GeneticAlgorithm:43 - Generation: 82 Surviving Individuals: 17620 Best Score: 0.01369863
2017-12-10 20:47:54 INFO  GeneticAlgorithm:43 - Generation: 83 Surviving Individuals: 17621 Best Score: 0.01369863
2017-12-10 20:47:58 INFO  GeneticAlgorithm:43 - Generation: 84 Surviving Individuals: 17622 Best Score: 0.01369863
2017-12-10 20:48:03 INFO  GeneticAlgorithm:43 - Generation: 85 Surviving Individuals: 17623 Best Score: 0.01369863
2017-12-10 20:48:08 INFO  GeneticAlgorithm:43 - Generation: 86 Surviving Individuals: 17624 Best Score: 0.01369863
2017-12-10 20:48:13 INFO  GeneticAlgorithm:43 - Generation: 87 Surviving Individuals: 17625 Best Score: 0.01369863
2017-12-10 20:48:19 INFO  GeneticAlgorithm:43 - Generation: 88 Surviving Individuals: 17626 Best Score: 0.01369863
2017-12-10 20:48:24 INFO  GeneticAlgorithm:43 - Generation: 89 Surviving Individuals: 35252 Best Score: 0.01369863
2017-12-10 20:48:39 INFO  GeneticAlgorithm:43 - Generation: 90 Surviving Individuals: 35253 Best Score: 0.014084507
2017-12-10 20:48:52 INFO  GeneticAlgorithm:43 - Generation: 91 Surviving Individuals: 70506 Best Score: 0.014285714
2017-12-10 20:49:49 INFO  GeneticAlgorithm:43 - Generation: 92 Surviving Individuals: 70507 Best Score: 0.014285714
2017-12-10 20:50:39 INFO  GeneticAlgorithm:43 - Generation: 93 Surviving Individuals: 70508 Best Score: 0.014285714
2017-12-10 20:51:25 INFO  GeneticAlgorithm:43 - Generation: 94 Surviving Individuals: 70509 Best Score: 0.014285714
2017-12-10 20:52:11 INFO  GeneticAlgorithm:43 - Generation: 95 Surviving Individuals: 70510 Best Score: 0.014285714
2017-12-10 20:52:57 INFO  GeneticAlgorithm:43 - Generation: 96 Surviving Individuals: 141020 Best Score: 0.014285714
2017-12-10 20:56:41 INFO  GeneticAlgorithm:43 - Generation: 97 Surviving Individuals: 282040 Best Score: 0.014285714
2017-12-10 21:13:36 INFO  GeneticAlgorithm:43 - Generation: 98 Surviving Individuals: 282041 Best Score: 0.014285714
2017-12-10 21:27:30 INFO  GeneticAlgorithm:43 - Generation: 99 Surviving Individuals: 282042 Best Score: 0.014285714
2017-12-10 21:31:49 INFO  GeneticAlgorithm:49 - Shortest PathOrder of Cities: 18, 4, 1, 24, 43, 9, 27, 44, 32, 25, 0, 36, 17, 45, 22, 15, 9, 48, 8, 33, 49, 37, 3, 46, 32, 31, 23, 6, 16, 25, 26, 10, 26, 12, 41, 9, 34, 13, 7, 3, 41, 20, 9, 30, 5, 38, 9, 15, 32, 32, Fitness: 0.014285714
2017-12-10 21:39:41 INFO  GeneticAlgorithm:19 - Vertices: 25
2017-12-10 21:39:41 INFO  GeneticAlgorithm:43 - Generation: 0 Surviving Individuals: 5 Best Score: 0.014285714
2017-12-10 21:39:41 INFO  GeneticAlgorithm:43 - Generation: 1 Surviving Individuals: 6 Best Score: 0.014925373
2017-12-10 21:39:41 INFO  GeneticAlgorithm:43 - Generation: 2 Surviving Individuals: 7 Best Score: 0.015873017
2017-12-10 21:39:41 INFO  GeneticAlgorithm:43 - Generation: 3 Surviving Individuals: 8 Best Score: 0.015873017
2017-12-10 21:39:41 INFO  GeneticAlgorithm:43 - Generation: 4 Surviving Individuals: 9 Best Score: 0.016949153
2017-12-10 21:39:41 INFO  GeneticAlgorithm:43 - Generation: 5 Surviving Individuals: 10 Best Score: 0.016949153
2017-12-10 21:39:41 INFO  GeneticAlgorithm:43 - Generation: 6 Surviving Individuals: 11 Best Score: 0.01754386
2017-12-10 21:39:41 INFO  GeneticAlgorithm:43 - Generation: 7 Surviving Individuals: 12 Best Score: 0.01754386
2017-12-10 21:39:41 INFO  GeneticAlgorithm:43 - Generation: 8 Surviving Individuals: 13 Best Score: 0.018867925
2017-12-10 21:39:41 INFO  GeneticAlgorithm:43 - Generation: 9 Surviving Individuals: 14 Best Score: 0.018867925
2017-12-10 21:39:41 INFO  GeneticAlgorithm:43 - Generation: 10 Surviving Individuals: 15 Best Score: 0.020833334
2017-12-10 21:39:41 INFO  GeneticAlgorithm:43 - Generation: 11 Surviving Individuals: 16 Best Score: 0.020833334
2017-12-10 21:39:41 INFO  GeneticAlgorithm:43 - Generation: 12 Surviving Individuals: 32 Best Score: 0.020833334
2017-12-10 21:39:41 INFO  GeneticAlgorithm:43 - Generation: 13 Surviving Individuals: 33 Best Score: 0.020833334
2017-12-10 21:39:41 INFO  GeneticAlgorithm:43 - Generation: 14 Surviving Individuals: 34 Best Score: 0.020833334
2017-12-10 21:39:41 INFO  GeneticAlgorithm:43 - Generation: 15 Surviving Individuals: 35 Best Score: 0.020833334
2017-12-10 21:39:41 INFO  GeneticAlgorithm:43 - Generation: 16 Surviving Individuals: 36 Best Score: 0.020833334
2017-12-10 21:39:41 INFO  GeneticAlgorithm:43 - Generation: 17 Surviving Individuals: 37 Best Score: 0.021276595
2017-12-10 21:39:41 INFO  GeneticAlgorithm:43 - Generation: 18 Surviving Individuals: 38 Best Score: 0.021276595
2017-12-10 21:39:41 INFO  GeneticAlgorithm:43 - Generation: 19 Surviving Individuals: 39 Best Score: 0.021276595
2017-12-10 21:39:41 INFO  GeneticAlgorithm:43 - Generation: 20 Surviving Individuals: 78 Best Score: 0.021276595
2017-12-10 21:39:41 INFO  GeneticAlgorithm:43 - Generation: 21 Surviving Individuals: 79 Best Score: 0.022727273
2017-12-10 21:39:41 INFO  GeneticAlgorithm:43 - Generation: 22 Surviving Individuals: 80 Best Score: 0.022727273
2017-12-10 21:39:41 INFO  GeneticAlgorithm:43 - Generation: 23 Surviving Individuals: 81 Best Score: 0.022727273
2017-12-10 21:39:41 INFO  GeneticAlgorithm:43 - Generation: 24 Surviving Individuals: 162 Best Score: 0.022727273
2017-12-10 21:39:41 INFO  GeneticAlgorithm:43 - Generation: 25 Surviving Individuals: 324 Best Score: 0.022727273
2017-12-10 21:39:41 INFO  GeneticAlgorithm:43 - Generation: 26 Surviving Individuals: 325 Best Score: 0.023255814
2017-12-10 21:39:41 INFO  GeneticAlgorithm:43 - Generation: 27 Surviving Individuals: 326 Best Score: 0.023255814
2017-12-10 21:39:41 INFO  GeneticAlgorithm:43 - Generation: 28 Surviving Individuals: 327 Best Score: 0.025
2017-12-10 21:39:41 INFO  GeneticAlgorithm:43 - Generation: 29 Surviving Individuals: 328 Best Score: 0.025
2017-12-10 21:39:41 INFO  GeneticAlgorithm:43 - Generation: 30 Surviving Individuals: 329 Best Score: 0.025
2017-12-10 21:39:41 INFO  GeneticAlgorithm:43 - Generation: 31 Surviving Individuals: 330 Best Score: 0.025
2017-12-10 21:39:41 INFO  GeneticAlgorithm:43 - Generation: 32 Surviving Individuals: 331 Best Score: 0.025
2017-12-10 21:39:41 INFO  GeneticAlgorithm:43 - Generation: 33 Surviving Individuals: 332 Best Score: 0.025
2017-12-10 21:39:41 INFO  GeneticAlgorithm:43 - Generation: 34 Surviving Individuals: 333 Best Score: 0.025
2017-12-10 21:39:41 INFO  GeneticAlgorithm:43 - Generation: 35 Surviving Individuals: 334 Best Score: 0.025
2017-12-10 21:39:41 INFO  GeneticAlgorithm:43 - Generation: 36 Surviving Individuals: 335 Best Score: 0.025
2017-12-10 21:39:41 INFO  GeneticAlgorithm:43 - Generation: 37 Surviving Individuals: 336 Best Score: 0.025
2017-12-10 21:39:41 INFO  GeneticAlgorithm:43 - Generation: 38 Surviving Individuals: 337 Best Score: 0.028571429
2017-12-10 21:39:41 INFO  GeneticAlgorithm:43 - Generation: 39 Surviving Individuals: 338 Best Score: 0.028571429
2017-12-10 21:39:41 INFO  GeneticAlgorithm:43 - Generation: 40 Surviving Individuals: 339 Best Score: 0.028571429
2017-12-10 21:39:42 INFO  GeneticAlgorithm:43 - Generation: 41 Surviving Individuals: 340 Best Score: 0.028571429
2017-12-10 21:39:42 INFO  GeneticAlgorithm:43 - Generation: 42 Surviving Individuals: 341 Best Score: 0.028571429
2017-12-10 21:39:42 INFO  GeneticAlgorithm:43 - Generation: 43 Surviving Individuals: 342 Best Score: 0.028571429
2017-12-10 21:39:42 INFO  GeneticAlgorithm:43 - Generation: 44 Surviving Individuals: 343 Best Score: 0.028571429
2017-12-10 21:39:42 INFO  GeneticAlgorithm:43 - Generation: 45 Surviving Individuals: 686 Best Score: 0.028571429
2017-12-10 21:39:42 INFO  GeneticAlgorithm:43 - Generation: 46 Surviving Individuals: 687 Best Score: 0.028571429
2017-12-10 21:39:42 INFO  GeneticAlgorithm:43 - Generation: 47 Surviving Individuals: 688 Best Score: 0.028571429
2017-12-10 21:39:42 INFO  GeneticAlgorithm:43 - Generation: 48 Surviving Individuals: 689 Best Score: 0.028571429
2017-12-10 21:39:42 INFO  GeneticAlgorithm:49 - Shortest PathOrder of Cities: 3, 19, 20, 14, 1, 13, 17, 0, 15, 0, 2, 0, 7, 1, 16, 2, 0, 0, 9, 21, 23, 12, 10, 24, 22, Fitness: 0.028571429
2017-12-10 21:39:44 INFO  GeneticAlgorithm:19 - Vertices: 25
2017-12-10 21:39:44 INFO  GeneticAlgorithm:43 - Generation: 0 Surviving Individuals: 5 Best Score: 0.015384615
2017-12-10 21:39:44 INFO  GeneticAlgorithm:43 - Generation: 1 Surviving Individuals: 10 Best Score: 0.015384615
2017-12-10 21:39:44 INFO  GeneticAlgorithm:43 - Generation: 2 Surviving Individuals: 20 Best Score: 0.016666668
2017-12-10 21:39:44 INFO  GeneticAlgorithm:43 - Generation: 3 Surviving Individuals: 40 Best Score: 0.016666668
2017-12-10 21:39:44 INFO  GeneticAlgorithm:43 - Generation: 4 Surviving Individuals: 41 Best Score: 0.018181818
2017-12-10 21:39:44 INFO  GeneticAlgorithm:43 - Generation: 5 Surviving Individuals: 42 Best Score: 0.018181818
2017-12-10 21:39:44 INFO  GeneticAlgorithm:43 - Generation: 6 Surviving Individuals: 43 Best Score: 0.018181818
2017-12-10 21:39:44 INFO  GeneticAlgorithm:43 - Generation: 7 Surviving Individuals: 44 Best Score: 0.018518519
2017-12-10 21:39:44 INFO  GeneticAlgorithm:43 - Generation: 8 Surviving Individuals: 45 Best Score: 0.019607844
2017-12-10 21:39:44 INFO  GeneticAlgorithm:43 - Generation: 9 Surviving Individuals: 46 Best Score: 0.019607844
2017-12-10 21:39:44 INFO  GeneticAlgorithm:43 - Generation: 10 Surviving Individuals: 47 Best Score: 0.019607844
2017-12-10 21:39:44 INFO  GeneticAlgorithm:43 - Generation: 11 Surviving Individuals: 48 Best Score: 0.019607844
2017-12-10 21:39:44 INFO  GeneticAlgorithm:43 - Generation: 12 Surviving Individuals: 96 Best Score: 0.019607844
2017-12-10 21:39:44 INFO  GeneticAlgorithm:43 - Generation: 13 Surviving Individuals: 97 Best Score: 0.021276595
2017-12-10 21:39:44 INFO  GeneticAlgorithm:43 - Generation: 14 Surviving Individuals: 98 Best Score: 0.02173913
2017-12-10 21:39:44 INFO  GeneticAlgorithm:43 - Generation: 15 Surviving Individuals: 99 Best Score: 0.02173913
2017-12-10 21:39:44 INFO  GeneticAlgorithm:43 - Generation: 16 Surviving Individuals: 198 Best Score: 0.02173913
2017-12-10 21:39:44 INFO  GeneticAlgorithm:43 - Generation: 17 Surviving Individuals: 199 Best Score: 0.022727273
2017-12-10 21:39:44 INFO  GeneticAlgorithm:43 - Generation: 18 Surviving Individuals: 200 Best Score: 0.022727273
2017-12-10 21:39:44 INFO  GeneticAlgorithm:43 - Generation: 19 Surviving Individuals: 201 Best Score: 0.022727273
2017-12-10 21:39:44 INFO  GeneticAlgorithm:43 - Generation: 20 Surviving Individuals: 202 Best Score: 0.022727273
2017-12-10 21:39:44 INFO  GeneticAlgorithm:43 - Generation: 21 Surviving Individuals: 203 Best Score: 0.022727273
2017-12-10 21:39:44 INFO  GeneticAlgorithm:43 - Generation: 22 Surviving Individuals: 204 Best Score: 0.023809524
2017-12-10 21:39:44 INFO  GeneticAlgorithm:43 - Generation: 23 Surviving Individuals: 205 Best Score: 0.023809524
2017-12-10 21:39:44 INFO  GeneticAlgorithm:43 - Generation: 24 Surviving Individuals: 206 Best Score: 0.023809524
2017-12-10 21:39:44 INFO  GeneticAlgorithm:43 - Generation: 25 Surviving Individuals: 207 Best Score: 0.024390243
2017-12-10 21:39:44 INFO  GeneticAlgorithm:43 - Generation: 26 Surviving Individuals: 414 Best Score: 0.025
2017-12-10 21:39:44 INFO  GeneticAlgorithm:43 - Generation: 27 Surviving Individuals: 415 Best Score: 0.025
2017-12-10 21:39:44 INFO  GeneticAlgorithm:43 - Generation: 28 Surviving Individuals: 416 Best Score: 0.027027028
2017-12-10 21:39:44 INFO  GeneticAlgorithm:43 - Generation: 29 Surviving Individuals: 417 Best Score: 0.027027028
2017-12-10 21:39:45 INFO  GeneticAlgorithm:43 - Generation: 30 Surviving Individuals: 418 Best Score: 0.027027028
2017-12-10 21:39:45 INFO  GeneticAlgorithm:43 - Generation: 31 Surviving Individuals: 419 Best Score: 0.027027028
2017-12-10 21:39:45 INFO  GeneticAlgorithm:43 - Generation: 32 Surviving Individuals: 838 Best Score: 0.027777778
2017-12-10 21:39:45 INFO  GeneticAlgorithm:43 - Generation: 33 Surviving Individuals: 839 Best Score: 0.027777778
2017-12-10 21:39:45 INFO  GeneticAlgorithm:43 - Generation: 34 Surviving Individuals: 840 Best Score: 0.027777778
2017-12-10 21:39:45 INFO  GeneticAlgorithm:43 - Generation: 35 Surviving Individuals: 841 Best Score: 0.027777778
2017-12-10 21:39:45 INFO  GeneticAlgorithm:43 - Generation: 36 Surviving Individuals: 1682 Best Score: 0.027777778
2017-12-10 21:39:45 INFO  GeneticAlgorithm:43 - Generation: 37 Surviving Individuals: 3364 Best Score: 0.027777778
2017-12-10 21:39:45 INFO  GeneticAlgorithm:43 - Generation: 38 Surviving Individuals: 3365 Best Score: 0.027777778
2017-12-10 21:39:45 INFO  GeneticAlgorithm:43 - Generation: 39 Surviving Individuals: 3366 Best Score: 0.027777778
2017-12-10 21:39:45 INFO  GeneticAlgorithm:43 - Generation: 40 Surviving Individuals: 3367 Best Score: 0.027777778
2017-12-10 21:39:45 INFO  GeneticAlgorithm:43 - Generation: 41 Surviving Individuals: 3368 Best Score: 0.027777778
2017-12-10 21:39:46 INFO  GeneticAlgorithm:43 - Generation: 42 Surviving Individuals: 3369 Best Score: 0.028571429
2017-12-10 21:39:46 INFO  GeneticAlgorithm:43 - Generation: 43 Surviving Individuals: 3370 Best Score: 0.028571429
2017-12-10 21:39:46 INFO  GeneticAlgorithm:43 - Generation: 44 Surviving Individuals: 3371 Best Score: 0.028571429
2017-12-10 21:39:46 INFO  GeneticAlgorithm:43 - Generation: 45 Surviving Individuals: 3372 Best Score: 0.030303031
2017-12-10 21:39:46 INFO  GeneticAlgorithm:43 - Generation: 46 Surviving Individuals: 3373 Best Score: 0.030303031
2017-12-10 21:39:46 INFO  GeneticAlgorithm:43 - Generation: 47 Surviving Individuals: 3374 Best Score: 0.03125
2017-12-10 21:39:46 INFO  GeneticAlgorithm:43 - Generation: 48 Surviving Individuals: 6748 Best Score: 0.03125
2017-12-10 21:39:47 INFO  GeneticAlgorithm:43 - Generation: 49 Surviving Individuals: 6749 Best Score: 0.03125
2017-12-10 21:39:47 INFO  GeneticAlgorithm:43 - Generation: 50 Surviving Individuals: 6750 Best Score: 0.03125
2017-12-10 21:39:48 INFO  GeneticAlgorithm:43 - Generation: 51 Surviving Individuals: 6751 Best Score: 0.03125
2017-12-10 21:39:48 INFO  GeneticAlgorithm:43 - Generation: 52 Surviving Individuals: 6752 Best Score: 0.032258064
2017-12-10 21:39:48 INFO  GeneticAlgorithm:43 - Generation: 53 Surviving Individuals: 6753 Best Score: 0.032258064
2017-12-10 21:39:48 INFO  GeneticAlgorithm:43 - Generation: 54 Surviving Individuals: 6754 Best Score: 0.03448276
2017-12-10 21:39:49 INFO  GeneticAlgorithm:43 - Generation: 55 Surviving Individuals: 13508 Best Score: 0.03448276
2017-12-10 21:39:50 INFO  GeneticAlgorithm:43 - Generation: 56 Surviving Individuals: 13509 Best Score: 0.03448276
2017-12-10 21:39:50 INFO  GeneticAlgorithm:43 - Generation: 57 Surviving Individuals: 13510 Best Score: 0.03448276
2017-12-10 21:39:51 INFO  GeneticAlgorithm:43 - Generation: 58 Surviving Individuals: 27020 Best Score: 0.03448276
2017-12-10 21:39:55 INFO  GeneticAlgorithm:43 - Generation: 59 Surviving Individuals: 27021 Best Score: 0.03448276
2017-12-10 21:39:58 INFO  GeneticAlgorithm:43 - Generation: 60 Surviving Individuals: 27022 Best Score: 0.03448276
2017-12-10 21:40:02 INFO  GeneticAlgorithm:43 - Generation: 61 Surviving Individuals: 27023 Best Score: 0.035714287
2017-12-10 21:40:06 INFO  GeneticAlgorithm:43 - Generation: 62 Surviving Individuals: 54046 Best Score: 0.035714287
2017-12-10 21:40:30 INFO  GeneticAlgorithm:43 - Generation: 63 Surviving Individuals: 54047 Best Score: 0.037037037
2017-12-10 21:40:49 INFO  GeneticAlgorithm:43 - Generation: 64 Surviving Individuals: 54048 Best Score: 0.037037037
2017-12-10 21:41:09 INFO  GeneticAlgorithm:43 - Generation: 65 Surviving Individuals: 54049 Best Score: 0.037037037
2017-12-10 21:41:29 INFO  GeneticAlgorithm:43 - Generation: 66 Surviving Individuals: 54050 Best Score: 0.03846154
2017-12-10 21:41:51 INFO  GeneticAlgorithm:43 - Generation: 67 Surviving Individuals: 108100 Best Score: 0.04347826
2017-12-10 21:43:45 INFO  GeneticAlgorithm:43 - Generation: 68 Surviving Individuals: 108101 Best Score: 0.04347826
2017-12-10 21:45:29 INFO  GeneticAlgorithm:43 - Generation: 69 Surviving Individuals: 108102 Best Score: 0.04347826
2017-12-10 21:47:13 INFO  GeneticAlgorithm:43 - Generation: 70 Surviving Individuals: 216204 Best Score: 0.04347826
2017-12-10 21:56:02 INFO  GeneticAlgorithm:43 - Generation: 71 Surviving Individuals: 432408 Best Score: 0.04761905
2017-12-10 22:34:27 INFO  GeneticAlgorithm:43 - Generation: 72 Surviving Individuals: 432409 Best Score: 0.04761905
2017-12-10 22:54:31 INFO  GeneticAlgorithm:19 - Vertices: 4
2017-12-10 23:07:08 INFO  GeneticAlgorithm:19 - Vertices: 25
2017-12-10 23:07:08 INFO  GeneticAlgorithm:43 - Generation: 0 Surviving Individuals: 5 Best Score: 0.015151516
2017-12-10 23:07:08 INFO  GeneticAlgorithm:43 - Generation: 1 Surviving Individuals: 6 Best Score: 0.015151516
2017-12-10 23:07:09 INFO  GeneticAlgorithm:43 - Generation: 2 Surviving Individuals: 7 Best Score: 0.015151516
2017-12-10 23:07:09 INFO  GeneticAlgorithm:43 - Generation: 3 Surviving Individuals: 8 Best Score: 0.015625
2017-12-10 23:07:09 INFO  GeneticAlgorithm:43 - Generation: 4 Surviving Individuals: 9 Best Score: 0.015625
2017-12-10 23:07:09 INFO  GeneticAlgorithm:43 - Generation: 5 Surviving Individuals: 10 Best Score: 0.016393442
2017-12-10 23:07:09 INFO  GeneticAlgorithm:43 - Generation: 6 Surviving Individuals: 11 Best Score: 0.016393442
2017-12-10 23:07:09 INFO  GeneticAlgorithm:43 - Generation: 7 Surviving Individuals: 12 Best Score: 0.016666668
2017-12-10 23:07:09 INFO  GeneticAlgorithm:43 - Generation: 8 Surviving Individuals: 13 Best Score: 0.016666668
2017-12-10 23:07:09 INFO  GeneticAlgorithm:43 - Generation: 9 Surviving Individuals: 14 Best Score: 0.018518519
2017-12-10 23:07:09 INFO  GeneticAlgorithm:43 - Generation: 10 Surviving Individuals: 28 Best Score: 0.018518519
2017-12-10 23:07:09 INFO  GeneticAlgorithm:43 - Generation: 11 Surviving Individuals: 29 Best Score: 0.020408163
2017-12-10 23:07:09 INFO  GeneticAlgorithm:43 - Generation: 12 Surviving Individuals: 58 Best Score: 0.020408163
2017-12-10 23:07:09 INFO  GeneticAlgorithm:43 - Generation: 13 Surviving Individuals: 59 Best Score: 0.020408163
2017-12-10 23:07:09 INFO  GeneticAlgorithm:43 - Generation: 14 Surviving Individuals: 60 Best Score: 0.020408163
2017-12-10 23:07:09 INFO  GeneticAlgorithm:43 - Generation: 15 Surviving Individuals: 61 Best Score: 0.020408163
2017-12-10 23:07:09 INFO  GeneticAlgorithm:43 - Generation: 16 Surviving Individuals: 62 Best Score: 0.020408163
2017-12-10 23:07:09 INFO  GeneticAlgorithm:43 - Generation: 17 Surviving Individuals: 63 Best Score: 0.020408163
2017-12-10 23:07:09 INFO  GeneticAlgorithm:43 - Generation: 18 Surviving Individuals: 64 Best Score: 0.020833334
2017-12-10 23:07:09 INFO  GeneticAlgorithm:43 - Generation: 19 Surviving Individuals: 65 Best Score: 0.020833334
2017-12-10 23:07:09 INFO  GeneticAlgorithm:43 - Generation: 20 Surviving Individuals: 66 Best Score: 0.020833334
2017-12-10 23:07:09 INFO  GeneticAlgorithm:43 - Generation: 21 Surviving Individuals: 132 Best Score: 0.020833334
2017-12-10 23:07:09 INFO  GeneticAlgorithm:43 - Generation: 22 Surviving Individuals: 133 Best Score: 0.020833334
2017-12-10 23:07:09 INFO  GeneticAlgorithm:43 - Generation: 23 Surviving Individuals: 134 Best Score: 0.020833334
2017-12-10 23:07:09 INFO  GeneticAlgorithm:43 - Generation: 24 Surviving Individuals: 135 Best Score: 0.02173913
2017-12-10 23:07:09 INFO  GeneticAlgorithm:43 - Generation: 25 Surviving Individuals: 136 Best Score: 0.023809524
2017-12-10 23:07:09 INFO  GeneticAlgorithm:43 - Generation: 26 Surviving Individuals: 137 Best Score: 0.023809524
2017-12-10 23:07:09 INFO  GeneticAlgorithm:43 - Generation: 27 Surviving Individuals: 138 Best Score: 0.025641026
2017-12-10 23:07:09 INFO  GeneticAlgorithm:43 - Generation: 28 Surviving Individuals: 139 Best Score: 0.025641026
2017-12-10 23:07:09 INFO  GeneticAlgorithm:43 - Generation: 29 Surviving Individuals: 140 Best Score: 0.025641026
2017-12-10 23:07:09 INFO  GeneticAlgorithm:43 - Generation: 30 Surviving Individuals: 280 Best Score: 0.025641026
2017-12-10 23:07:09 INFO  GeneticAlgorithm:43 - Generation: 31 Surviving Individuals: 281 Best Score: 0.025641026
2017-12-10 23:07:09 INFO  GeneticAlgorithm:43 - Generation: 32 Surviving Individuals: 282 Best Score: 0.02631579
2017-12-10 23:07:09 INFO  GeneticAlgorithm:43 - Generation: 33 Surviving Individuals: 564 Best Score: 0.02631579
2017-12-10 23:07:09 INFO  GeneticAlgorithm:43 - Generation: 34 Surviving Individuals: 1128 Best Score: 0.02631579
2017-12-10 23:07:09 INFO  GeneticAlgorithm:43 - Generation: 35 Surviving Individuals: 1129 Best Score: 0.02631579
2017-12-10 23:07:09 INFO  GeneticAlgorithm:43 - Generation: 36 Surviving Individuals: 1130 Best Score: 0.02631579
2017-12-10 23:07:09 INFO  GeneticAlgorithm:43 - Generation: 37 Surviving Individuals: 1131 Best Score: 0.02631579
2017-12-10 23:07:09 INFO  GeneticAlgorithm:43 - Generation: 38 Surviving Individuals: 1132 Best Score: 0.02631579
2017-12-10 23:07:09 INFO  GeneticAlgorithm:43 - Generation: 39 Surviving Individuals: 1133 Best Score: 0.02631579
2017-12-10 23:07:09 INFO  GeneticAlgorithm:43 - Generation: 40 Surviving Individuals: 1134 Best Score: 0.02631579
2017-12-10 23:07:09 INFO  GeneticAlgorithm:43 - Generation: 41 Surviving Individuals: 1135 Best Score: 0.027777778
2017-12-10 23:07:09 INFO  GeneticAlgorithm:43 - Generation: 42 Surviving Individuals: 2270 Best Score: 0.027777778
2017-12-10 23:07:09 INFO  GeneticAlgorithm:43 - Generation: 43 Surviving Individuals: 2271 Best Score: 0.027777778
2017-12-10 23:07:09 INFO  GeneticAlgorithm:43 - Generation: 44 Surviving Individuals: 2272 Best Score: 0.027777778
2017-12-10 23:07:09 INFO  GeneticAlgorithm:43 - Generation: 45 Surviving Individuals: 2273 Best Score: 0.027777778
2017-12-10 23:07:09 INFO  GeneticAlgorithm:43 - Generation: 46 Surviving Individuals: 2274 Best Score: 0.028571429
2017-12-10 23:07:09 INFO  GeneticAlgorithm:43 - Generation: 47 Surviving Individuals: 2275 Best Score: 0.028571429
2017-12-10 23:07:10 INFO  GeneticAlgorithm:43 - Generation: 48 Surviving Individuals: 2276 Best Score: 0.028571429
2017-12-10 23:07:10 INFO  GeneticAlgorithm:43 - Generation: 49 Surviving Individuals: 2277 Best Score: 0.028571429
2017-12-10 23:07:10 INFO  GeneticAlgorithm:43 - Generation: 50 Surviving Individuals: 2278 Best Score: 0.028571429
2017-12-10 23:07:10 INFO  GeneticAlgorithm:43 - Generation: 51 Surviving Individuals: 2279 Best Score: 0.030303031
2017-12-10 23:07:10 INFO  GeneticAlgorithm:43 - Generation: 52 Surviving Individuals: 2280 Best Score: 0.030303031
2017-12-10 23:07:10 INFO  GeneticAlgorithm:43 - Generation: 53 Surviving Individuals: 2281 Best Score: 0.030303031
2017-12-10 23:07:10 INFO  GeneticAlgorithm:43 - Generation: 54 Surviving Individuals: 2282 Best Score: 0.030303031
2017-12-10 23:07:10 INFO  GeneticAlgorithm:43 - Generation: 55 Surviving Individuals: 4564 Best Score: 0.030303031
2017-12-10 23:07:10 INFO  GeneticAlgorithm:43 - Generation: 56 Surviving Individuals: 4565 Best Score: 0.030303031
2017-12-10 23:07:11 INFO  GeneticAlgorithm:43 - Generation: 57 Surviving Individuals: 4566 Best Score: 0.030303031
2017-12-10 23:07:11 INFO  GeneticAlgorithm:43 - Generation: 58 Surviving Individuals: 4567 Best Score: 0.03125
2017-12-10 23:07:11 INFO  GeneticAlgorithm:43 - Generation: 59 Surviving Individuals: 4568 Best Score: 0.033333335
2017-12-10 23:07:11 INFO  GeneticAlgorithm:43 - Generation: 60 Surviving Individuals: 4569 Best Score: 0.033333335
2017-12-10 23:07:11 INFO  GeneticAlgorithm:43 - Generation: 61 Surviving Individuals: 4570 Best Score: 0.033333335
2017-12-10 23:07:12 INFO  GeneticAlgorithm:43 - Generation: 62 Surviving Individuals: 4571 Best Score: 0.033333335
2017-12-10 23:07:12 INFO  GeneticAlgorithm:43 - Generation: 63 Surviving Individuals: 4572 Best Score: 0.03448276
2017-12-10 23:07:12 INFO  GeneticAlgorithm:43 - Generation: 64 Surviving Individuals: 9144 Best Score: 0.035714287
2017-12-10 23:07:12 INFO  GeneticAlgorithm:43 - Generation: 65 Surviving Individuals: 9145 Best Score: 0.037037037
2017-12-10 23:07:13 INFO  GeneticAlgorithm:43 - Generation: 66 Surviving Individuals: 9146 Best Score: 0.03846154
2017-12-10 23:07:13 INFO  GeneticAlgorithm:43 - Generation: 67 Surviving Individuals: 9147 Best Score: 0.04
2017-12-10 23:07:14 INFO  GeneticAlgorithm:43 - Generation: 68 Surviving Individuals: 9148 Best Score: 0.04
2017-12-10 23:07:14 INFO  GeneticAlgorithm:43 - Generation: 69 Surviving Individuals: 9149 Best Score: 0.04
2017-12-10 23:07:15 INFO  GeneticAlgorithm:43 - Generation: 70 Surviving Individuals: 9150 Best Score: 0.04
2017-12-10 23:07:15 INFO  GeneticAlgorithm:43 - Generation: 71 Surviving Individuals: 9151 Best Score: 0.04347826
2017-12-10 23:07:16 INFO  GeneticAlgorithm:43 - Generation: 72 Surviving Individuals: 9152 Best Score: 0.045454547
2017-12-10 23:07:16 INFO  GeneticAlgorithm:43 - Generation: 73 Surviving Individuals: 18304 Best Score: 0.045454547
2017-12-10 23:07:18 INFO  GeneticAlgorithm:43 - Generation: 74 Surviving Individuals: 18305 Best Score: 0.045454547
2017-12-10 23:07:20 INFO  GeneticAlgorithm:43 - Generation: 75 Surviving Individuals: 18306 Best Score: 0.05
2017-12-10 23:07:21 INFO  GeneticAlgorithm:43 - Generation: 76 Surviving Individuals: 18307 Best Score: 0.05
2017-12-10 23:07:23 INFO  GeneticAlgorithm:43 - Generation: 77 Surviving Individuals: 18308 Best Score: 0.05882353
2017-12-10 23:07:25 INFO  GeneticAlgorithm:43 - Generation: 78 Surviving Individuals: 18309 Best Score: 0.05882353
2017-12-10 23:07:27 INFO  GeneticAlgorithm:43 - Generation: 79 Surviving Individuals: 18310 Best Score: 0.06666667
2017-12-10 23:07:28 INFO  GeneticAlgorithm:43 - Generation: 80 Surviving Individuals: 18311 Best Score: 0.06666667
2017-12-10 23:07:30 INFO  GeneticAlgorithm:43 - Generation: 81 Surviving Individuals: 18312 Best Score: 0.06666667
2017-12-10 23:07:32 INFO  GeneticAlgorithm:43 - Generation: 82 Surviving Individuals: 18313 Best Score: 0.06666667
2017-12-10 23:07:34 INFO  GeneticAlgorithm:43 - Generation: 83 Surviving Individuals: 18314 Best Score: 0.06666667
2017-12-10 23:07:35 INFO  GeneticAlgorithm:43 - Generation: 84 Surviving Individuals: 18315 Best Score: 0.1
2017-12-10 23:07:37 INFO  GeneticAlgorithm:43 - Generation: 85 Surviving Individuals: 18316 Best Score: 0.1
2017-12-10 23:07:39 INFO  GeneticAlgorithm:43 - Generation: 86 Surviving Individuals: 18317 Best Score: 0.1
2017-12-10 23:07:41 INFO  GeneticAlgorithm:43 - Generation: 87 Surviving Individuals: 18318 Best Score: 0.1
2017-12-10 23:07:43 INFO  GeneticAlgorithm:43 - Generation: 88 Surviving Individuals: 18319 Best Score: 0.1
2017-12-10 23:07:46 INFO  GeneticAlgorithm:43 - Generation: 89 Surviving Individuals: 36638 Best Score: 0.11111111
2017-12-10 23:07:59 INFO  GeneticAlgorithm:43 - Generation: 90 Surviving Individuals: 36639 Best Score: 0.11111111
2017-12-10 23:08:10 INFO  GeneticAlgorithm:43 - Generation: 91 Surviving Individuals: 36640 Best Score: 0.125
2017-12-10 23:08:23 INFO  GeneticAlgorithm:43 - Generation: 92 Surviving Individuals: 36641 Best Score: 0.125
2017-12-10 23:08:33 INFO  GeneticAlgorithm:43 - Generation: 93 Surviving Individuals: 36642 Best Score: 0.16666667
2017-12-10 23:08:43 INFO  GeneticAlgorithm:43 - Generation: 94 Surviving Individuals: 73284 Best Score: 0.16666667
2017-12-10 23:09:39 INFO  GeneticAlgorithm:43 - Generation: 95 Surviving Individuals: 146568 Best Score: 0.16666667
2017-12-10 23:14:27 INFO  GeneticAlgorithm:43 - Generation: 96 Surviving Individuals: 146569 Best Score: 0.25
2017-12-10 23:18:27 INFO  GeneticAlgorithm:43 - Generation: 97 Surviving Individuals: 146570 Best Score: 0.25
2017-12-10 23:22:39 INFO  GeneticAlgorithm:43 - Generation: 98 Surviving Individuals: 146571 Best Score: 0.25
2017-12-10 23:26:34 INFO  GeneticAlgorithm:43 - Generation: 99 Surviving Individuals: 146572 Best Score: 0.33333334
2017-12-10 23:27:50 INFO  GeneticAlgorithm:49 - Shortest PathOrder of Cities: 9, 9, 9, 9, 9, 9, 9, 9, 9, 9, 9, 9, 9, 9, 9, 9, 9, 9, 9, 9, 9, 16, 9, 9, 16, Fitness: 0.33333334
2017-12-10 23:34:29 INFO  GeneticAlgorithm:19 - Vertices: 5
2017-12-10 23:34:29 INFO  GeneticAlgorithm:43 - Generation: 0 Surviving Individuals: 8 Best Score: 0.14285715
2017-12-10 23:34:29 INFO  GeneticAlgorithm:43 - Generation: 1 Surviving Individuals: 9 Best Score: 0.14285715
2017-12-10 23:34:29 INFO  GeneticAlgorithm:43 - Generation: 2 Surviving Individuals: 10 Best Score: 0.14285715
2017-12-10 23:34:29 INFO  GeneticAlgorithm:43 - Generation: 3 Surviving Individuals: 11 Best Score: 0.14285715
2017-12-10 23:34:29 INFO  GeneticAlgorithm:43 - Generation: 4 Surviving Individuals: 12 Best Score: 0.14285715
2017-12-10 23:34:29 INFO  GeneticAlgorithm:43 - Generation: 5 Surviving Individuals: 13 Best Score: 0.14285715
2017-12-10 23:34:29 INFO  GeneticAlgorithm:43 - Generation: 6 Surviving Individuals: 14 Best Score: 0.14285715
2017-12-10 23:34:29 INFO  GeneticAlgorithm:43 - Generation: 7 Surviving Individuals: 15 Best Score: 0.14285715
2017-12-10 23:34:29 INFO  GeneticAlgorithm:43 - Generation: 8 Surviving Individuals: 16 Best Score: 0.14285715
2017-12-10 23:34:29 INFO  GeneticAlgorithm:43 - Generation: 9 Surviving Individuals: 17 Best Score: 0.14285715
2017-12-10 23:34:29 INFO  GeneticAlgorithm:43 - Generation: 10 Surviving Individuals: 18 Best Score: 0.14285715
2017-12-10 23:34:29 INFO  GeneticAlgorithm:43 - Generation: 11 Surviving Individuals: 19 Best Score: 0.14285715
2017-12-10 23:34:29 INFO  GeneticAlgorithm:43 - Generation: 12 Surviving Individuals: 20 Best Score: 0.14285715
2017-12-10 23:34:29 INFO  GeneticAlgorithm:49 - Shortest PathOrder of Cities: 0, 4, 2, 1, 3, Fitness: 0.14285715
2017-12-10 23:39:41 INFO  GeneticAlgorithm:19 - Vertices: 5
2017-12-10 23:39:41 INFO  GeneticAlgorithm:43 - Generation: 0 Surviving Individuals: 8 Best Score: 0.16666667
2017-12-10 23:39:41 INFO  GeneticAlgorithm:43 - Generation: 1 Surviving Individuals: 9 Best Score: 0.16666667
2017-12-10 23:39:41 INFO  GeneticAlgorithm:43 - Generation: 2 Surviving Individuals: 10 Best Score: 0.16666667
2017-12-10 23:39:41 INFO  GeneticAlgorithm:43 - Generation: 3 Surviving Individuals: 11 Best Score: 0.16666667
2017-12-10 23:39:41 INFO  GeneticAlgorithm:43 - Generation: 4 Surviving Individuals: 12 Best Score: 0.16666667
2017-12-10 23:39:41 INFO  GeneticAlgorithm:43 - Generation: 5 Surviving Individuals: 13 Best Score: 0.16666667
2017-12-10 23:39:41 INFO  GeneticAlgorithm:43 - Generation: 6 Surviving Individuals: 14 Best Score: 0.16666667
2017-12-10 23:39:41 INFO  GeneticAlgorithm:43 - Generation: 7 Surviving Individuals: 28 Best Score: 0.16666667
2017-12-10 23:39:41 INFO  GeneticAlgorithm:43 - Generation: 8 Surviving Individuals: 29 Best Score: 0.16666667
2017-12-10 23:39:41 INFO  GeneticAlgorithm:43 - Generation: 9 Surviving Individuals: 30 Best Score: 0.16666667
2017-12-10 23:39:41 INFO  GeneticAlgorithm:43 - Generation: 10 Surviving Individuals: 31 Best Score: 0.16666667
2017-12-10 23:39:41 INFO  GeneticAlgorithm:43 - Generation: 11 Surviving Individuals: 32 Best Score: 0.16666667
2017-12-10 23:39:41 INFO  GeneticAlgorithm:43 - Generation: 12 Surviving Individuals: 33 Best Score: 0.16666667
2017-12-10 23:39:41 INFO  GeneticAlgorithm:49 - Shortest PathOrder of Cities: 3, 1, 2, 0, 4, Fitness: 0.16666667
2017-12-10 23:41:05 INFO  GeneticAlgorithm:18 - Vertices: 5
2017-12-10 23:41:05 INFO  GeneticAlgorithm:36 - Generation: 0 Individuals: 8 Best Score: 0.11111111
2017-12-10 23:41:05 INFO  GeneticAlgorithm:36 - Generation: 1 Individuals: 10 Best Score: 0.125
2017-12-10 23:41:05 INFO  GeneticAlgorithm:36 - Generation: 2 Individuals: 20 Best Score: 0.125
2017-12-10 23:41:05 INFO  GeneticAlgorithm:36 - Generation: 3 Individuals: 22 Best Score: 0.14285715
2017-12-10 23:41:05 INFO  GeneticAlgorithm:36 - Generation: 4 Individuals: 24 Best Score: 0.14285715
2017-12-10 23:41:05 INFO  GeneticAlgorithm:36 - Generation: 5 Individuals: 26 Best Score: 0.14285715
2017-12-10 23:41:05 INFO  GeneticAlgorithm:36 - Generation: 6 Individuals: 28 Best Score: 0.14285715
2017-12-10 23:41:05 INFO  GeneticAlgorithm:36 - Generation: 7 Individuals: 30 Best Score: 0.14285715
2017-12-10 23:41:05 INFO  GeneticAlgorithm:36 - Generation: 8 Individuals: 32 Best Score: 0.14285715
2017-12-10 23:41:05 INFO  GeneticAlgorithm:36 - Generation: 9 Individuals: 64 Best Score: 0.14285715
2017-12-10 23:41:05 INFO  GeneticAlgorithm:36 - Generation: 10 Individuals: 66 Best Score: 0.16666667
2017-12-10 23:41:05 INFO  GeneticAlgorithm:36 - Generation: 11 Individuals: 68 Best Score: 0.16666667
2017-12-10 23:41:05 INFO  GeneticAlgorithm:36 - Generation: 12 Individuals: 70 Best Score: 0.16666667
2017-12-10 23:41:05 INFO  GeneticAlgorithm:36 - Generation: 13 Individuals: 72 Best Score: 0.16666667
2017-12-10 23:41:05 INFO  GeneticAlgorithm:36 - Generation: 14 Individuals: 74 Best Score: 0.16666667
2017-12-10 23:41:05 INFO  GeneticAlgorithm:36 - Generation: 15 Individuals: 76 Best Score: 0.16666667
2017-12-10 23:41:05 INFO  GeneticAlgorithm:41 - Shortest PathOrder of Cities: 3, 1, 2, 0, 4, Fitness: 0.16666667
2017-12-10 23:41:25 INFO  GeneticAlgorithm:18 - Vertices: 25
2017-12-10 23:41:25 INFO  GeneticAlgorithm:36 - Generation: 0 Individuals: 8 Best Score: 0.014705882
2017-12-10 23:41:25 INFO  GeneticAlgorithm:36 - Generation: 1 Individuals: 10 Best Score: 0.015151516
2017-12-10 23:41:25 INFO  GeneticAlgorithm:36 - Generation: 2 Individuals: 12 Best Score: 0.01754386
2017-12-10 23:41:25 INFO  GeneticAlgorithm:36 - Generation: 3 Individuals: 14 Best Score: 0.01754386
2017-12-10 23:41:25 INFO  GeneticAlgorithm:36 - Generation: 4 Individuals: 16 Best Score: 0.01754386
2017-12-10 23:41:25 INFO  GeneticAlgorithm:36 - Generation: 5 Individuals: 18 Best Score: 0.01754386
2017-12-10 23:41:25 INFO  GeneticAlgorithm:36 - Generation: 6 Individuals: 20 Best Score: 0.01754386
2017-12-10 23:41:25 INFO  GeneticAlgorithm:36 - Generation: 7 Individuals: 40 Best Score: 0.018181818
2017-12-10 23:41:25 INFO  GeneticAlgorithm:36 - Generation: 8 Individuals: 42 Best Score: 0.018518519
2017-12-10 23:41:25 INFO  GeneticAlgorithm:36 - Generation: 9 Individuals: 44 Best Score: 0.018518519
2017-12-10 23:41:25 INFO  GeneticAlgorithm:36 - Generation: 10 Individuals: 46 Best Score: 0.018867925
2017-12-10 23:41:25 INFO  GeneticAlgorithm:36 - Generation: 11 Individuals: 48 Best Score: 0.018867925
2017-12-10 23:41:25 INFO  GeneticAlgorithm:36 - Generation: 12 Individuals: 50 Best Score: 0.01923077
2017-12-10 23:41:25 INFO  GeneticAlgorithm:36 - Generation: 13 Individuals: 52 Best Score: 0.019607844
2017-12-10 23:41:25 INFO  GeneticAlgorithm:36 - Generation: 14 Individuals: 54 Best Score: 0.021276595
2017-12-10 23:41:25 INFO  GeneticAlgorithm:36 - Generation: 15 Individuals: 56 Best Score: 0.021276595
2017-12-10 23:41:25 INFO  GeneticAlgorithm:36 - Generation: 16 Individuals: 58 Best Score: 0.022727273
2017-12-10 23:41:25 INFO  GeneticAlgorithm:36 - Generation: 17 Individuals: 60 Best Score: 0.022727273
2017-12-10 23:41:25 INFO  GeneticAlgorithm:36 - Generation: 18 Individuals: 120 Best Score: 0.022727273
2017-12-10 23:41:25 INFO  GeneticAlgorithm:36 - Generation: 19 Individuals: 122 Best Score: 0.022727273
2017-12-10 23:41:25 INFO  GeneticAlgorithm:36 - Generation: 20 Individuals: 124 Best Score: 0.023255814
2017-12-10 23:41:25 INFO  GeneticAlgorithm:36 - Generation: 21 Individuals: 248 Best Score: 0.023255814
2017-12-10 23:41:25 INFO  GeneticAlgorithm:36 - Generation: 22 Individuals: 250 Best Score: 0.023255814
2017-12-10 23:41:25 INFO  GeneticAlgorithm:36 - Generation: 23 Individuals: 252 Best Score: 0.023255814
2017-12-10 23:41:25 INFO  GeneticAlgorithm:36 - Generation: 24 Individuals: 254 Best Score: 0.023255814
2017-12-10 23:41:25 INFO  GeneticAlgorithm:36 - Generation: 25 Individuals: 256 Best Score: 0.023255814
2017-12-10 23:41:25 INFO  GeneticAlgorithm:41 - Shortest PathOrder of Cities: 21, 24, 24, 20, 11, 14, 5, 19, 7, 6, 13, 12, 15, 4, 6, 18, 10, 1, 2, 0, 9, 16, 0, 17, 23, Fitness: 0.023255814
2017-12-10 23:41:49 INFO  GeneticAlgorithm:18 - Vertices: 25
2017-12-10 23:41:49 INFO  GeneticAlgorithm:36 - Generation: 0 Individuals: 8 Best Score: 0.014705882
2017-12-10 23:41:49 INFO  GeneticAlgorithm:36 - Generation: 1 Individuals: 10 Best Score: 0.015384615
2017-12-10 23:41:49 INFO  GeneticAlgorithm:36 - Generation: 2 Individuals: 12 Best Score: 0.01754386
2017-12-10 23:41:49 INFO  GeneticAlgorithm:36 - Generation: 3 Individuals: 14 Best Score: 0.020408163
2017-12-10 23:41:49 INFO  GeneticAlgorithm:36 - Generation: 4 Individuals: 16 Best Score: 0.020408163
2017-12-10 23:41:49 INFO  GeneticAlgorithm:36 - Generation: 5 Individuals: 18 Best Score: 0.020408163
2017-12-10 23:41:49 INFO  GeneticAlgorithm:36 - Generation: 6 Individuals: 20 Best Score: 0.020408163
2017-12-10 23:41:49 INFO  GeneticAlgorithm:36 - Generation: 7 Individuals: 40 Best Score: 0.020408163
2017-12-10 23:41:49 INFO  GeneticAlgorithm:36 - Generation: 8 Individuals: 42 Best Score: 0.020408163
2017-12-10 23:41:49 INFO  GeneticAlgorithm:36 - Generation: 9 Individuals: 44 Best Score: 0.020408163
2017-12-10 23:41:49 INFO  GeneticAlgorithm:36 - Generation: 10 Individuals: 46 Best Score: 0.020408163
2017-12-10 23:41:49 INFO  GeneticAlgorithm:41 - Shortest PathOrder of Cities: 10, 12, 11, 20, 1, 16, 21, 14, 5, 13, 0, 15, 22, 9, 2, 23, 8, 6, 17, 7, 21, 24, 3, 18, 19, Fitness: 0.020408163
2017-12-10 23:42:00 INFO  GeneticAlgorithm:18 - Vertices: 25
2017-12-10 23:42:00 INFO  GeneticAlgorithm:36 - Generation: 0 Individuals: 8 Best Score: 0.014084507
2017-12-10 23:42:00 INFO  GeneticAlgorithm:36 - Generation: 1 Individuals: 10 Best Score: 0.015151516
2017-12-10 23:42:00 INFO  GeneticAlgorithm:36 - Generation: 2 Individuals: 12 Best Score: 0.015384615
2017-12-10 23:42:00 INFO  GeneticAlgorithm:36 - Generation: 3 Individuals: 14 Best Score: 0.015384615
2017-12-10 23:42:00 INFO  GeneticAlgorithm:36 - Generation: 4 Individuals: 28 Best Score: 0.016393442
2017-12-10 23:42:00 INFO  GeneticAlgorithm:36 - Generation: 5 Individuals: 56 Best Score: 0.016949153
2017-12-10 23:42:00 INFO  GeneticAlgorithm:36 - Generation: 6 Individuals: 58 Best Score: 0.018867925
2017-12-10 23:42:00 INFO  GeneticAlgorithm:36 - Generation: 7 Individuals: 60 Best Score: 0.01923077
2017-12-10 23:42:00 INFO  GeneticAlgorithm:36 - Generation: 8 Individuals: 62 Best Score: 0.01923077
2017-12-10 23:42:00 INFO  GeneticAlgorithm:36 - Generation: 9 Individuals: 124 Best Score: 0.01923077
2017-12-10 23:42:00 INFO  GeneticAlgorithm:36 - Generation: 10 Individuals: 126 Best Score: 0.020833334
2017-12-10 23:42:00 INFO  GeneticAlgorithm:36 - Generation: 11 Individuals: 128 Best Score: 0.020833334
2017-12-10 23:42:00 INFO  GeneticAlgorithm:36 - Generation: 12 Individuals: 130 Best Score: 0.020833334
2017-12-10 23:42:00 INFO  GeneticAlgorithm:36 - Generation: 13 Individuals: 132 Best Score: 0.020833334
2017-12-10 23:42:00 INFO  GeneticAlgorithm:36 - Generation: 14 Individuals: 134 Best Score: 0.020833334
2017-12-10 23:42:00 INFO  GeneticAlgorithm:36 - Generation: 15 Individuals: 268 Best Score: 0.020833334
2017-12-10 23:42:00 INFO  GeneticAlgorithm:41 - Shortest PathOrder of Cities: 8, 13, 0, 4, 5, 7, 8, 1, 16, 17, 22, 15, 10, 17, 18, 4, 19, 23, 9, 14, 11, 21, 23, 2, 20, Fitness: 0.020833334
2017-12-10 23:43:10 INFO  GeneticAlgorithm:18 - Vertices: 25
2017-12-10 23:43:10 INFO  GeneticAlgorithm:36 - Generation: 0 Individuals: 8 Best Score: 0.014925373
2017-12-10 23:43:10 INFO  GeneticAlgorithm:36 - Generation: 1 Individuals: 16 Best Score: 0.016949153
2017-12-10 23:43:10 INFO  GeneticAlgorithm:36 - Generation: 2 Individuals: 18 Best Score: 0.016949153
2017-12-10 23:43:10 INFO  GeneticAlgorithm:36 - Generation: 3 Individuals: 36 Best Score: 0.016949153
2017-12-10 23:43:10 INFO  GeneticAlgorithm:36 - Generation: 4 Individuals: 72 Best Score: 0.016949153
2017-12-10 23:43:10 INFO  GeneticAlgorithm:36 - Generation: 5 Individuals: 144 Best Score: 0.017857144
2017-12-10 23:43:10 INFO  GeneticAlgorithm:36 - Generation: 6 Individuals: 146 Best Score: 0.017857144
2017-12-10 23:43:10 INFO  GeneticAlgorithm:36 - Generation: 7 Individuals: 148 Best Score: 0.018181818
2017-12-10 23:43:10 INFO  GeneticAlgorithm:36 - Generation: 8 Individuals: 150 Best Score: 0.019607844
2017-12-10 23:43:10 INFO  GeneticAlgorithm:36 - Generation: 9 Individuals: 152 Best Score: 0.019607844
2017-12-10 23:43:10 INFO  GeneticAlgorithm:36 - Generation: 10 Individuals: 154 Best Score: 0.019607844
2017-12-10 23:43:10 INFO  GeneticAlgorithm:36 - Generation: 11 Individuals: 156 Best Score: 0.019607844
2017-12-10 23:43:10 INFO  GeneticAlgorithm:36 - Generation: 12 Individuals: 158 Best Score: 0.019607844
2017-12-10 23:43:10 INFO  GeneticAlgorithm:36 - Generation: 13 Individuals: 160 Best Score: 0.019607844
2017-12-10 23:43:10 INFO  GeneticAlgorithm:41 - Shortest PathOrder of Cities: 6, 17, 18, 21, 7, 13, 1, 19, 10, 3, 9, 22, 15, 0, 4, 8, 14, 20, 12, 5, 23, 16, 2, 0, 14, Fitness: 0.019607844
2017-12-10 23:45:36 INFO  GeneticAlgorithm:18 - Vertices: 25
2017-12-10 23:45:36 INFO  GeneticAlgorithm:36 - Generation: 0 Individuals: 8 Best Score: 0.01369863
2017-12-10 23:45:36 INFO  GeneticAlgorithm:36 - Generation: 1 Individuals: 10 Best Score: 0.01369863
2017-12-10 23:45:36 INFO  GeneticAlgorithm:36 - Generation: 2 Individuals: 12 Best Score: 0.014084507
2017-12-10 23:45:36 INFO  GeneticAlgorithm:36 - Generation: 3 Individuals: 14 Best Score: 0.015151516
2017-12-10 23:45:36 INFO  GeneticAlgorithm:36 - Generation: 4 Individuals: 16 Best Score: 0.016129032
2017-12-10 23:45:36 INFO  GeneticAlgorithm:36 - Generation: 5 Individuals: 18 Best Score: 0.016129032
2017-12-10 23:45:36 INFO  GeneticAlgorithm:36 - Generation: 6 Individuals: 20 Best Score: 0.016129032
2017-12-10 23:45:36 INFO  GeneticAlgorithm:36 - Generation: 7 Individuals: 22 Best Score: 0.016129032
2017-12-10 23:45:36 INFO  GeneticAlgorithm:36 - Generation: 8 Individuals: 24 Best Score: 0.016949153
2017-12-10 23:45:36 INFO  GeneticAlgorithm:36 - Generation: 9 Individuals: 26 Best Score: 0.01754386
2017-12-10 23:45:36 INFO  GeneticAlgorithm:36 - Generation: 10 Individuals: 28 Best Score: 0.018181818
2017-12-10 23:45:36 INFO  GeneticAlgorithm:36 - Generation: 11 Individuals: 30 Best Score: 0.018181818
2017-12-10 23:45:36 INFO  GeneticAlgorithm:36 - Generation: 12 Individuals: 32 Best Score: 0.018181818
2017-12-10 23:45:36 INFO  GeneticAlgorithm:36 - Generation: 13 Individuals: 34 Best Score: 0.018518519
2017-12-10 23:45:36 INFO  GeneticAlgorithm:36 - Generation: 14 Individuals: 36 Best Score: 0.018518519
2017-12-10 23:45:36 INFO  GeneticAlgorithm:36 - Generation: 15 Individuals: 38 Best Score: 0.019607844
2017-12-10 23:45:36 INFO  GeneticAlgorithm:36 - Generation: 16 Individuals: 40 Best Score: 0.02
2017-12-10 23:45:36 INFO  GeneticAlgorithm:36 - Generation: 17 Individuals: 42 Best Score: 0.02
2017-12-10 23:45:36 INFO  GeneticAlgorithm:36 - Generation: 18 Individuals: 84 Best Score: 0.02
2017-12-10 23:45:36 INFO  GeneticAlgorithm:36 - Generation: 19 Individuals: 86 Best Score: 0.02
2017-12-10 23:45:36 INFO  GeneticAlgorithm:36 - Generation: 20 Individuals: 88 Best Score: 0.02
2017-12-10 23:45:36 INFO  GeneticAlgorithm:36 - Generation: 21 Individuals: 176 Best Score: 0.02
2017-12-10 23:45:36 INFO  GeneticAlgorithm:41 - Shortest PathOrder of Cities: 17, 0, 1, 20, 16, 4, 5, 13, 7, 21, 24, 10, 12, 9, 14, 11, 22, 18, 19, 23, 2, 10, 8, 3, 6, Fitness: 0.02
